Executing: KerbalEngineer - 1.1.5.5
Assembly: /Applications/KSP_osx/GameData/KerbalEngineer/KerbalEngineer.dll

[Log 11:58:28.1418870]: images (UnityEngine.AssetBundle)
[Log 11:59:22.2269940]: Assembly: Assembly-CSharp, Version=0.0.0.0, Culture=neutral, PublicKeyToken=null
Assembly: ModuleManager, Version=3.1.0.0, Culture=neutral, PublicKeyToken=null
Assembly: MiniAVC, Version=1.0.3.2, Culture=neutral, PublicKeyToken=null
Assembly: ClickThroughBlocker, Version=0.1.6.7, Culture=neutral, PublicKeyToken=null
Assembly: MiniAVC, Version=1.0.3.2, Culture=neutral, PublicKeyToken=null
Assembly: ToolbarControl, Version=0.1.6.16, Culture=neutral, PublicKeyToken=null
Assembly: Chatterer, Version=0.9.96.2332, Culture=neutral, PublicKeyToken=null
Assembly: MiniAVC, Version=1.0.3.2, Culture=neutral, PublicKeyToken=null
Assembly: KXAPI, Version=1.0.0.0, Culture=neutral, PublicKeyToken=null
Assembly: CraftManager, Version=1.0.6891.25954, Culture=neutral, PublicKeyToken=null
Assembly: KatLib, Version=1.0.6837.22926, Culture=neutral, PublicKeyToken=null
Assembly: DDSLoader, Version=1.7.0.0, Culture=neutral, PublicKeyToken=null
Assembly: DestructionEffects, Version=1.8.0.0, Culture=neutral, PublicKeyToken=null
Assembly: ModuleManager, Version=3.0.6.0, Culture=neutral, PublicKeyToken=null
Assembly: DPAI_RPM, Version=1.0.0.0, Culture=neutral, PublicKeyToken=null
Assembly: DockingPortAlignmentIndicator, Version=1.0.0.0, Culture=neutral, PublicKeyToken=null
Assembly: MiniAVC, Version=1.0.3.2, Culture=neutral, PublicKeyToken=null
Assembly: ModuleDockingNodeNamed, Version=1.0.0.0, Culture=neutral, PublicKeyToken=null
Assembly: EasyVesselSwitch, Version=1.8.6767.274, Culture=neutral, PublicKeyToken=null
Assembly: KSPDev_Utils.0.37, Version=0.37.6763.34473, Culture=neutral, PublicKeyToken=null
Assembly: MiniAVC, Version=1.0.3.2, Culture=neutral, PublicKeyToken=null
Assembly: MiniAVC, Version=1.0.3.2, Culture=neutral, PublicKeyToken=null
Assembly: FMRS, Version=1.2.7.2, Culture=neutral, PublicKeyToken=null
Assembly: RasterPropMonitor, Version=0.30.5.22792, Culture=neutral, PublicKeyToken=null
Assembly: KAS, Version=0.6.4.0, Culture=neutral, PublicKeyToken=null
Assembly: MiniAVC, Version=1.0.3.1, Culture=neutral, PublicKeyToken=null
Assembly: KIS, Version=1.14.6773.33741, Culture=neutral, PublicKeyToken=null
Assembly: KSPDev_Utils.0.37, Version=0.37.6763.34473, Culture=neutral, PublicKeyToken=null
Assembly: MiniAVC, Version=1.0.3.0, Culture=neutral, PublicKeyToken=null
Assembly: KatLib, Version=1.0.6837.22926, Culture=neutral, PublicKeyToken=null
Assembly: KerbalEngineer.Unity, Version=1.0.0.0, Culture=neutral, PublicKeyToken=null
Assembly: KerbalEngineer, Version=1.1.5.5, Culture=neutral, PublicKeyToken=null
Assembly: MiniAVC, Version=1.0.3.2, Culture=neutral, PublicKeyToken=null
Assembly: ModularFlightIntegrator, Version=1.0.0.0, Culture=neutral, PublicKeyToken=null
Assembly: Kopernicus.Components, Version=1.0.0.0, Culture=neutral, PublicKeyToken=null
Assembly: Kopernicus.OnDemand, Version=1.0.0.0, Culture=neutral, PublicKeyToken=null
Assembly: Kopernicus.Parser, Version=1.0.0.0, Culture=neutral, PublicKeyToken=null
Assembly: Kopernicus, Version=1.0.0.0, Culture=neutral, PublicKeyToken=null
Assembly: MiniAVC, Version=1.0.3.2, Culture=neutral, PublicKeyToken=null
Assembly: PatchManager, Version=0.0.16.0, Culture=neutral, PublicKeyToken=null
Assembly: PreciseManeuver.Unity, Version=2.4.0.0, Culture=neutral, PublicKeyToken=null
Assembly: PreciseManeuver, Version=2.4.1.0, Culture=neutral, PublicKeyToken=null
Assembly: MiniAVC, Version=1.0.3.2, Culture=neutral, PublicKeyToken=null
Assembly: RecoveryController, Version=0.0.3.2, Culture=neutral, PublicKeyToken=null
Assembly: SCANsat, Version=1.8.7.0, Culture=neutral, PublicKeyToken=null
Assembly: SCANsat.Unity, Version=1.8.7.0, Culture=neutral, PublicKeyToken=null
Assembly: MiniAVC, Version=1.0.3.2, Culture=neutral, PublicKeyToken=null
Assembly: TooManyOrbits, Version=1.1.3.1, Culture=neutral, PublicKeyToken=null
Assembly: Trajectories, Version=2.2.0.0, Culture=neutral, PublicKeyToken=null
Assembly: KerbalAlarmClock, Version=3.9.1.0, Culture=neutral, PublicKeyToken=null
Assembly: TransferWindowPlanner, Version=1.6.3.0, Culture=neutral, PublicKeyToken=null

[Log 11:59:22.2271800]: FlightEngineerCore->Awake
[Log 11:59:24.4902610]: FlightEngineerCore->Start
[Log 11:59:29.1738290]: FlightEngineerCore->OnDestroy
[Log 12:00:56.0552340]: BuildAdvanced->OnDestroy
[Log 12:00:57.5799830]: ActionMenu->Awake
[Log 12:00:57.5800710]: FlightEngineerCore->Awake
[Log 12:01:01.2921300]: ActionMenu->Start
[Log 12:01:01.3008740]: FlightEngineerCore->Start
[12:02:50.2308570]: Exception SimManager.StartSimulation() // System.NullReferenceException: Object reference not set to an instance of an object
  at KerbalEngineer.VesselSimulator.SimManager.StartSimulation () [0x00000] in <filename unknown>:0 
[]:   at KerbalEngineer.VesselSimulator.SimManager.StartSimulation () [0x00000] in <filename unknown>:0 

[Log 12:02:50.8269960]: FlightEngineerCore->OnDestroy
[Log 12:02:50.8329440]: ActionMenu->OnDestroy
[Log 12:08:06.1613300]: BuildAdvanced->OnDestroy
[Log 12:08:06.3559270]: FlightEngineerCore->Awake
[Log 12:08:08.6407550]: FlightEngineerCore->Start
[Log 12:08:55.6091270]: FlightEngineerCore->OnDestroy
[Log 12:10:22.3207620]: BuildAdvanced->OnDestroy
[Log 12:10:22.5316390]: FlightEngineerCore->Awake
[Log 12:10:24.8650320]: FlightEngineerCore->Start
[Log 12:11:00.1275880]: FlightEngineerCore->OnDestroy
[Log 12:19:20.6159700]: BuildAdvanced->OnDestroy
[Log 12:19:20.8797260]: FlightEngineerCore->Awake
[Log 12:19:23.8250520]: FlightEngineerCore->Start
[Log 15:43:36.5344960]: FlightEngineerCore->OnDestroy
[Log 16:03:50.5446990]: BuildAdvanced->OnDestroy
[Log 16:03:52.7998120]: ActionMenu->Awake
[Log 16:03:52.7998940]: FlightEngineerCore->Awake
[Log 16:03:57.0792870]: ActionMenu->Start
[Log 16:03:57.0932610]: FlightEngineerCore->Start
[16:05:45.5907740]: Exception SimManager.StartSimulation() // System.NullReferenceException: Object reference not set to an instance of an object
  at KerbalEngineer.VesselSimulator.SimManager.StartSimulation () [0x00000] in <filename unknown>:0 
[]:   at KerbalEngineer.VesselSimulator.SimManager.StartSimulation () [0x00000] in <filename unknown>:0 

[Log 16:05:46.2812310]: FlightEngineerCore->OnDestroy
[Log 16:05:46.2907660]: ActionMenu->OnDestroy
[Log 16:06:40.7831330]: BuildAdvanced->OnDestroy
[Log 16:06:42.7214630]: ActionMenu->Awake
[Log 16:06:42.7215330]: FlightEngineerCore->Awake
[Log 16:06:47.0252210]: ActionMenu->Start
[Log 16:06:47.0339260]: FlightEngineerCore->Start
[16:06:54.2141640]: Exception SimManager.StartSimulation() // System.NullReferenceException: Object reference not set to an instance of an object
  at KerbalEngineer.VesselSimulator.SimManager.StartSimulation () [0x00000] in <filename unknown>:0 
[]:   at KerbalEngineer.VesselSimulator.SimManager.StartSimulation () [0x00000] in <filename unknown>:0 

[Log 16:06:54.9093100]: FlightEngineerCore->OnDestroy
[Log 16:06:54.9220020]: ActionMenu->OnDestroy
[Log 16:07:32.4454520]: BuildAdvanced->OnDestroy
[Log 16:07:34.5308380]: ActionMenu->Awake
[Log 16:07:34.5309030]: FlightEngineerCore->Awake
[Log 16:07:38.6965300]: ActionMenu->Start
[Log 16:07:38.7043620]: FlightEngineerCore->Start
[16:08:22.1741280]: Exception SimManager.StartSimulation() // System.NullReferenceException: Object reference not set to an instance of an object
  at KerbalEngineer.VesselSimulator.SimManager.StartSimulation () [0x00000] in <filename unknown>:0 
[]:   at KerbalEngineer.VesselSimulator.SimManager.StartSimulation () [0x00000] in <filename unknown>:0 

[Log 16:08:22.8742620]: FlightEngineerCore->OnDestroy
[Log 16:08:22.9072680]: ActionMenu->OnDestroy
[Log 16:09:13.7572980]: BuildAdvanced->OnDestroy
[Log 16:09:16.0225820]: ActionMenu->Awake
[Log 16:09:16.0226490]: FlightEngineerCore->Awake
[Log 16:09:20.0733520]: ActionMenu->Start
[Log 16:09:20.0808720]: FlightEngineerCore->Start
[Log 16:10:35.8684130]: FlightEngineerCore->OnDestroy
[Log 16:10:35.9121140]: ActionMenu->OnDestroy
[Log 16:10:36.4854810]: ActionMenu->Awake
[Log 16:10:36.4855580]: FlightEngineerCore->Awake
[Log 16:10:39.4297510]: ActionMenu->Start
[Log 16:10:39.4376640]: FlightEngineerCore->Start
[Log 16:10:57.4405310]: FlightEngineerCore->OnDestroy
[Log 16:10:57.4548790]: ActionMenu->OnDestroy
[Log 16:10:57.9920390]: ActionMenu->Awake
[Log 16:10:57.9921150]: FlightEngineerCore->Awake
[Log 16:11:00.6943940]: ActionMenu->Start
[Log 16:11:00.7024410]: FlightEngineerCore->Start
[Log 16:14:30.5250560]: FlightEngineerCore->OnDestroy
[Log 16:14:30.5491820]: ActionMenu->OnDestroy
[Log 16:14:31.1528240]: ActionMenu->Awake
[Log 16:14:31.1529070]: FlightEngineerCore->Awake
[Log 16:14:34.1516410]: ActionMenu->Start
[Log 16:14:34.1595370]: FlightEngineerCore->Start
[16:16:10.2193220]: Exception SimManager.StartSimulation() // System.NullReferenceException: Object reference not set to an instance of an object
  at KerbalEngineer.VesselSimulator.SimManager.StartSimulation () [0x00000] in <filename unknown>:0 
[]:   at KerbalEngineer.VesselSimulator.SimManager.StartSimulation () [0x00000] in <filename unknown>:0 

[Log 16:16:11.3222630]: ActionMenu->OnDestroy
[Log 16:16:11.3243280]: FlightEngineerCore->OnDestroy
[Log 16:17:04.4229510]: BuildAdvanced->OnDestroy
[Log 16:17:06.9783370]: ActionMenu->Awake
[Log 16:17:06.9784010]: FlightEngineerCore->Awake
[Log 16:17:11.0105800]: ActionMenu->Start
[Log 16:17:11.0189960]: FlightEngineerCore->Start
[Log 16:17:44.7301770]: FlightEngineerCore->OnDestroy
[Log 16:17:44.7852610]: ActionMenu->OnDestroy
[Log 16:17:45.3640080]: ActionMenu->Awake
[Log 16:17:45.3640850]: FlightEngineerCore->Awake
[Log 16:17:48.4542380]: ActionMenu->Start
[Log 16:17:48.4620540]: FlightEngineerCore->Start
[16:21:08.3558630]: Exception SimManager.StartSimulation() // System.NullReferenceException: Object reference not set to an instance of an object
  at KerbalEngineer.VesselSimulator.SimManager.StartSimulation () [0x00000] in <filename unknown>:0 
[]:   at KerbalEngineer.VesselSimulator.SimManager.StartSimulation () [0x00000] in <filename unknown>:0 

[Log 16:21:09.0793790]: FlightEngineerCore->OnDestroy
[Log 16:21:09.0933390]: ActionMenu->OnDestroy
[Log 16:22:16.8669840]: BuildAdvanced->OnDestroy
[Log 16:22:19.5981410]: ActionMenu->Awake
[Log 16:22:19.5982070]: FlightEngineerCore->Awake
[Log 16:22:23.6425240]: ActionMenu->Start
[Log 16:22:23.6509670]: FlightEngineerCore->Start
[Log 16:23:09.0671660]: ActionMenu->OnDestroy
[Log 16:23:09.0943800]: FlightEngineerCore->OnDestroy
[Log 16:23:09.7901600]: ActionMenu->Awake
[Log 16:23:09.7902460]: FlightEngineerCore->Awake
[Log 16:23:13.1065270]: ActionMenu->Start
[Log 16:23:13.1139740]: FlightEngineerCore->Start
[Log 16:23:33.7287580]: ActionMenu->OnDestroy
[Log 16:23:33.7335680]: FlightEngineerCore->OnDestroy
[Log 16:23:34.3684090]: ActionMenu->Awake
[Log 16:23:34.3684850]: FlightEngineerCore->Awake
[Log 16:23:37.6143040]: ActionMenu->Start
[Log 16:23:37.6219890]: FlightEngineerCore->Start
[Log 16:24:22.7947230]: FlightEngineerCore->OnDestroy
[Log 16:24:22.8355070]: ActionMenu->OnDestroy
[Log 16:24:23.4364120]: ActionMenu->Awake
[Log 16:24:23.4364870]: FlightEngineerCore->Awake
[Log 16:24:26.7570120]: ActionMenu->Start
[Log 16:24:26.7648450]: FlightEngineerCore->Start
[Log 16:24:47.7407040]: ActionMenu->OnDestroy
[Log 16:24:47.7599900]: FlightEngineerCore->OnDestroy
[Log 16:24:48.5244740]: ActionMenu->Awake
[Log 16:24:48.5245620]: FlightEngineerCore->Awake
[Log 16:24:52.0948060]: ActionMenu->Start
[Log 16:24:52.1028310]: FlightEngineerCore->Start
[Log 16:25:34.3573330]: FlightEngineerCore->OnDestroy
[Log 16:25:34.3927700]: ActionMenu->OnDestroy
[Log 16:25:35.0925810]: ActionMenu->Awake
[Log 16:25:35.0926640]: FlightEngineerCore->Awake
[Log 16:25:38.6132420]: ActionMenu->Start
[Log 16:25:38.6212500]: FlightEngineerCore->Start
[16:25:54.2835060]: Exception SimManager.StartSimulation() // System.NullReferenceException: Object reference not set to an instance of an object
  at KerbalEngineer.VesselSimulator.SimManager.StartSimulation () [0x00000] in <filename unknown>:0 
[]:   at KerbalEngineer.VesselSimulator.SimManager.StartSimulation () [0x00000] in <filename unknown>:0 

[Log 16:25:55.0235780]: ActionMenu->OnDestroy
[Log 16:25:55.0341610]: FlightEngineerCore->OnDestroy
[Log 16:26:53.8147200]: BuildAdvanced->OnDestroy
[Log 16:26:57.3968350]: ActionMenu->Awake
[Log 16:26:57.3968970]: FlightEngineerCore->Awake
[Log 16:27:01.8161950]: ActionMenu->Start
[Log 16:27:01.8249010]: FlightEngineerCore->Start
[16:27:45.9714600]: Exception SimManager.StartSimulation() // System.NullReferenceException: Object reference not set to an instance of an object
  at KerbalEngineer.VesselSimulator.SimManager.StartSimulation () [0x00000] in <filename unknown>:0 
[]:   at KerbalEngineer.VesselSimulator.SimManager.StartSimulation () [0x00000] in <filename unknown>:0 

[Log 16:27:46.6685000]: FlightEngineerCore->OnDestroy
[Log 16:27:46.6811160]: ActionMenu->OnDestroy
[Log 16:27:52.6547820]: BuildAdvanced->OnDestroy
[Log 16:27:53.1481690]: FlightEngineerCore->Awake
[Log 16:27:56.2843870]: FlightEngineerCore->Start
[Log 16:27:58.1418550]: FlightEngineerCore->OnDestroy
[Log 16:28:34.8972650]: BuildAdvanced->OnDestroy
[Log 16:28:35.4448900]: FlightEngineerCore->Awake
[Log 16:28:38.6036690]: FlightEngineerCore->Start
[Log 16:28:42.5937580]: FlightEngineerCore->OnDestroy
