[LOG 01:25:08.407] ******* Log Initiated for Kerbal Space Program - 1.4.5.2243 (OSXPlayer) en-us *******
Kerbal Space Program - 1.4.5.2243 (OSXPlayer) en-us


OS: Mac OS X 10.14.0
CPU: Intel(R) Core(TM) i7-7660U CPU @ 2.50GHz (4)
RAM: 16384
GPU: Intel(R) Iris(TM) Plus Graphics 640 (1536MB)
SM: 46 (OpenGL 4.1 INTEL-12.0.34)
RT Formats: ARGB32, Depth, ARGBHalf, Shadowmap, RGB565, ARGB4444, ARGB1555, Default, ARGB2101010, DefaultHDR, ARGB64, ARGBFloat, RGFloat, RGHalf, RFloat, RHalf, R8, ARGBInt, RGInt, RInt, RGB111110Float, RG32, RGBAUShort, RG16


Log started: Sun, Nov 04, 2018 01:25:08


[LOG 01:25:08.605] Loading data opt-out preferences from PlayerPrefs
[LOG 01:25:08.653] Requesting data opt-out preferences from https://data-optout-service.uca.cloud.unity3d.com/player/opt_out?appid=39811e89-d29d-4faa-bb01-997f3cda24f0&userid=efd55403075ec450f8055a9adc9dae67&deviceid=1F7E908B-1E8D-51FF-9183-E233E0E302AF
[LOG 01:25:08.764] ActionCanvas MASK: 3458764513820540928
[LOG 01:25:08.764] MainCanvas MASK: 3458764513820540928
[LOG 01:25:08.771] PhysicsGlobals: Loading database
[LOG 01:25:08.783] AppCanvas MASK: 3458764513820540928
[LOG 01:25:09.693] Load(Assembly): /ModuleManager.3.1.0
[LOG 01:25:09.694] AssemblyLoader: Loading assembly at /Applications/KSP_osx/GameData/ModuleManager.3.1.0.dll
[LOG 01:25:09.721] AssemblyLoader: KSPAssembly 'ModuleManager' V2.5.0
[LOG 01:25:09.721] Load(Assembly): 000_ClickThroughBlocker/MiniAVC
[LOG 01:25:09.721] AssemblyLoader: Loading assembly at /Applications/KSP_osx/GameData/000_ClickThroughBlocker/MiniAVC.dll
[LOG 01:25:09.722] Load(Assembly): 000_ClickThroughBlocker/Plugins/ClickThroughBlocker
[LOG 01:25:09.722] AssemblyLoader: Loading assembly at /Applications/KSP_osx/GameData/000_ClickThroughBlocker/Plugins/ClickThroughBlocker.dll
[LOG 01:25:09.722] AssemblyLoader: KSPAssembly 'ClickThroughBlocker' V1.0.0
[LOG 01:25:09.722] Load(Assembly): 001_ToolbarControl/MiniAVC
[LOG 01:25:09.722] AssemblyLoader: Loading assembly at /Applications/KSP_osx/GameData/001_ToolbarControl/MiniAVC.dll
[LOG 01:25:09.723] Load(Assembly): 001_ToolbarControl/Plugins/ToolbarControl
[LOG 01:25:09.723] AssemblyLoader: Loading assembly at /Applications/KSP_osx/GameData/001_ToolbarControl/Plugins/ToolbarControl.dll
[LOG 01:25:09.724] AssemblyLoader: KSPAssembly 'ToolbarController' V1.0.0
[LOG 01:25:09.724] Load(Assembly): Chatterer/Plugins/Chatterer
[LOG 01:25:09.724] AssemblyLoader: Loading assembly at /Applications/KSP_osx/GameData/Chatterer/Plugins/Chatterer.dll
[LOG 01:25:09.724] Load(Assembly): Chatterer/Plugins/MiniAVC
[LOG 01:25:09.724] AssemblyLoader: Loading assembly at /Applications/KSP_osx/GameData/Chatterer/Plugins/MiniAVC.dll
[LOG 01:25:09.725] Load(Assembly): DDSLoader/DDSLoader
[LOG 01:25:09.725] AssemblyLoader: Loading assembly at /Applications/KSP_osx/GameData/DDSLoader/DDSLoader.dll
[LOG 01:25:09.726] AssemblyLoader: KSPAssembly 'DDSLoader' V1.0.0
[LOG 01:25:09.726] Load(Assembly): DestructionEffects/Plugins/DestructionEffects
[LOG 01:25:09.726] AssemblyLoader: Loading assembly at /Applications/KSP_osx/GameData/DestructionEffects/Plugins/DestructionEffects.dll
[LOG 01:25:09.726] Load(Assembly): EasyVesselSwitch/Plugins/EasyVesselSwitch
[LOG 01:25:09.726] AssemblyLoader: Loading assembly at /Applications/KSP_osx/GameData/EasyVesselSwitch/Plugins/EasyVesselSwitch.dll
[LOG 01:25:09.727] AssemblyLoader: KSPAssembly 'EasyVesselSwitch' V1.8.0
[LOG 01:25:09.727] Load(Assembly): EasyVesselSwitch/Plugins/KSPDev_Utils.0.37
[LOG 01:25:09.727] AssemblyLoader: Loading assembly at /Applications/KSP_osx/GameData/EasyVesselSwitch/Plugins/KSPDev_Utils.0.37.dll
[LOG 01:25:09.728] Load(Assembly): EasyVesselSwitch/Plugins/MiniAVC
[LOG 01:25:09.728] AssemblyLoader: Loading assembly at /Applications/KSP_osx/GameData/EasyVesselSwitch/Plugins/MiniAVC.dll
[LOG 01:25:09.728] Load(Assembly): FMRS/MiniAVC
[LOG 01:25:09.728] AssemblyLoader: Loading assembly at /Applications/KSP_osx/GameData/FMRS/MiniAVC.dll
[LOG 01:25:09.729] Load(Assembly): FMRS/Plugins/FMRS
[LOG 01:25:09.729] AssemblyLoader: Loading assembly at /Applications/KSP_osx/GameData/FMRS/Plugins/FMRS.dll
[LOG 01:25:09.730] AssemblyLoader: KSPAssembly 'SlingShotter' V1.0.0
[LOG 01:25:09.730] AssemblyLoader: KSPAssemblyDependency 'ToolbarController' V1.0.0
[LOG 01:25:09.730] Load(Assembly): JSI/RasterPropMonitor/Plugins/RasterPropMonitor
[LOG 01:25:09.730] AssemblyLoader: Loading assembly at /Applications/KSP_osx/GameData/JSI/RasterPropMonitor/Plugins/RasterPropMonitor.dll
[LOG 01:25:09.732] AssemblyLoader: KSPAssembly 'RasterPropMonitor' V0.17.0
[LOG 01:25:09.732] Load(Assembly): KAS/Plugins/KAS
[LOG 01:25:09.732] AssemblyLoader: Loading assembly at /Applications/KSP_osx/GameData/KAS/Plugins/KAS.dll
[LOG 01:25:09.732] AssemblyLoader: KSPAssembly 'KAS' V0.6.0
[LOG 01:25:09.732] Load(Assembly): KAS/Plugins/MiniAVC
[LOG 01:25:09.733] AssemblyLoader: Loading assembly at /Applications/KSP_osx/GameData/KAS/Plugins/MiniAVC.dll
[LOG 01:25:09.733] Load(Assembly): KIS/Plugins/KIS
[LOG 01:25:09.733] AssemblyLoader: Loading assembly at /Applications/KSP_osx/GameData/KIS/Plugins/KIS.dll
[LOG 01:25:09.734] AssemblyLoader: KSPAssembly 'KIS' V1.14.0
[LOG 01:25:09.734] Load(Assembly): KIS/Plugins/KSPDev_Utils.0.37
[LOG 01:25:09.734] AssemblyLoader: Loading assembly at /Applications/KSP_osx/GameData/KIS/Plugins/KSPDev_Utils.0.37.dll
[LOG 01:25:09.741] Load(Assembly): KIS/Plugins/MiniAVC
[LOG 01:25:09.741] AssemblyLoader: Loading assembly at /Applications/KSP_osx/GameData/KIS/Plugins/MiniAVC.dll
[LOG 01:25:09.742] Load(Assembly): KerbalEngineer/KerbalEngineer.Unity
[LOG 01:25:09.742] AssemblyLoader: Loading assembly at /Applications/KSP_osx/GameData/KerbalEngineer/KerbalEngineer.Unity.dll
[LOG 01:25:09.742] Load(Assembly): KerbalEngineer/KerbalEngineer
[LOG 01:25:09.742] AssemblyLoader: Loading assembly at /Applications/KSP_osx/GameData/KerbalEngineer/KerbalEngineer.dll
[LOG 01:25:09.744] Load(Assembly): KerbalEngineer/MiniAVC
[LOG 01:25:09.744] AssemblyLoader: Loading assembly at /Applications/KSP_osx/GameData/KerbalEngineer/MiniAVC.dll
[LOG 01:25:09.745] Load(Assembly): NavBallDockingAlignmentIndicatorCE/MiniAVC
[LOG 01:25:09.745] AssemblyLoader: Loading assembly at /Applications/KSP_osx/GameData/NavBallDockingAlignmentIndicatorCE/MiniAVC.dll
[LOG 01:25:09.746] Load(Assembly): NavBallDockingAlignmentIndicatorCE/Plugins/NavBallDockingAlignmentIndicatorCE
[LOG 01:25:09.746] AssemblyLoader: Loading assembly at /Applications/KSP_osx/GameData/NavBallDockingAlignmentIndicatorCE/Plugins/NavBallDockingAlignmentIndicatorCE.dll
[LOG 01:25:09.747] Load(Assembly): PatchManager/MiniAVC
[LOG 01:25:09.747] AssemblyLoader: Loading assembly at /Applications/KSP_osx/GameData/PatchManager/MiniAVC.dll
[LOG 01:25:09.754] Load(Assembly): PatchManager/Plugins/PatchManager
[LOG 01:25:09.754] AssemblyLoader: Loading assembly at /Applications/KSP_osx/GameData/PatchManager/Plugins/PatchManager.dll
[LOG 01:25:09.754] AssemblyLoader: KSPAssemblyDependency 'ClickThroughBlocker' V1.0.0
[LOG 01:25:09.754] AssemblyLoader: KSPAssemblyDependency 'ToolbarController' V1.0.0
[LOG 01:25:09.754] Load(Assembly): RecoveryController/MiniAVC
[LOG 01:25:09.754] AssemblyLoader: Loading assembly at /Applications/KSP_osx/GameData/RecoveryController/MiniAVC.dll
[LOG 01:25:09.756] Load(Assembly): RecoveryController/Plugins/RecoveryController
[LOG 01:25:09.756] AssemblyLoader: Loading assembly at /Applications/KSP_osx/GameData/RecoveryController/Plugins/RecoveryController.dll
[LOG 01:25:09.757] Load(Assembly): SCANsat/Plugins/SCANmechjeb
[LOG 01:25:09.757] AssemblyLoader: Loading assembly at /Applications/KSP_osx/GameData/SCANsat/Plugins/SCANmechjeb.dll
[LOG 01:25:09.759] AssemblyLoader: KSPAssembly 'SCANmechjeb' V0.5.0
[LOG 01:25:09.759] AssemblyLoader: KSPAssemblyDependency 'SCANsat' V1.8.0
[LOG 01:25:09.759] AssemblyLoader: KSPAssemblyDependency 'MechJeb2' V2.5.0
[LOG 01:25:09.759] Load(Assembly): SCANsat/Plugins/SCANsat.Unity
[LOG 01:25:09.759] AssemblyLoader: Loading assembly at /Applications/KSP_osx/GameData/SCANsat/Plugins/SCANsat.Unity.dll
[LOG 01:25:09.760] Load(Assembly): SCANsat/Plugins/SCANsat
[LOG 01:25:09.760] AssemblyLoader: Loading assembly at /Applications/KSP_osx/GameData/SCANsat/Plugins/SCANsat.dll
[LOG 01:25:09.775] AssemblyLoader: KSPAssembly 'SCANsat' V1.8.0
[LOG 01:25:09.775] Load(Assembly): Trajectories/Plugin/Trajectories
[LOG 01:25:09.775] AssemblyLoader: Loading assembly at /Applications/KSP_osx/GameData/Trajectories/Plugin/Trajectories.dll
[LOG 01:25:09.776] Load(Assembly): TriggerTech/KerbalAlarmClock/KerbalAlarmClock
[LOG 01:25:09.776] AssemblyLoader: Loading assembly at /Applications/KSP_osx/GameData/TriggerTech/KerbalAlarmClock/KerbalAlarmClock.dll
[LOG 01:25:09.780] AssemblyLoader: Loading assemblies
[WRN 01:25:09.782] AssemblyLoader: Assembly 'SCANmechjeb' has not met dependency 'MechJeb2' V2.5.0
[WRN 01:25:09.782] AssemblyLoader: Assembly 'SCANmechjeb' is missing 1 dependencies
[LOG 01:25:09.886] ADDON BINDER: Create binding redirect: ToolbarControl, Version=0.1.6.1, Culture=neutral, PublicKeyToken=null => ToolbarControl, Version=0.1.6.16, Culture=neutral, PublicKeyToken=null
[LOG 01:25:09.917] ADDON BINDER: Create binding redirect: ToolbarControl, Version=0.1.6.7, Culture=neutral, PublicKeyToken=null => ToolbarControl, Version=0.1.6.16, Culture=neutral, PublicKeyToken=null
[LOG 01:25:09.948] VesselModules: Found VesselModule of type CommNetVessel with order 999
[LOG 01:25:09.950] VesselModules: Found VesselModule of type FlightIntegrator with order 0
[LOG 01:25:09.963] [RPMVesselComputer]: Initializing RPM version 0.30.5.22792
[LOG 01:25:09.963] VesselModules: Found VesselModule of type RPMVesselComputer with order 999
[LOG 01:25:09.964] VesselModules: Found 3 VesselModule types
[LOG 01:25:09.974] 
************************************************************************

Environment Info
Unix 7FFFFFFFFFFFFFFF  Args: KSP 

Mod DLLs found:
Stock assembly: Assembly-CSharp v0.0.0.0
ModuleManager v3.1.0.0
MiniAVC v1.0.3.2
ClickThroughBlocker v0.1.6.7 / v1.0.0.0
MiniAVC v1.0.3.2
ToolbarControl v0.1.6.16 / v1.0.0.0
Chatterer v0.9.96.2332
MiniAVC v1.0.3.2
DDSLoader v1.7.0.0 / v1.9.0.0
DestructionEffects v1.8.0.0
EasyVesselSwitch v1.8.6767.274 / v1.8-pre for KSP v1.4+
KSPDev_Utils.0.37 v0.37.6763.34473 / v0.37 for KSP v1.4+
MiniAVC v1.0.3.2
MiniAVC v1.0.3.2
FMRS v1.2.7.2 / v1.0.2.0
RasterPropMonitor v0.30.5.22792
KAS v0.6.4.0 / v0.6.4 for KSP 1.4+
MiniAVC v1.0.3.1
KIS v1.14.6773.33741 / v1.14 for KSP 1.4+
KSPDev_Utils.0.37 v0.37.6763.34473 / v0.37 for KSP v1.4+
MiniAVC v1.0.3.0
KerbalEngineer.Unity v1.0.0.0
KerbalEngineer v1.1.5.4
MiniAVC v1.0.3.2
MiniAVC v1.0.3.2
NavBallDockingAlignmentIndicatorCE v1.0.4.2 / v1.0.0.0
MiniAVC v1.0.3.2
PatchManager v0.0.16.0 / v1.0.0.0
MiniAVC v1.0.3.2
RecoveryController v0.0.3.2 / v1.0.0.0
SCANsat v1.8.7.0 / vv18.7
SCANsat.Unity v1.8.7.0
Trajectories v2.2.0.0
KerbalAlarmClock v3.9.1.0

Folders and files in GameData:
000_ClickThroughBlocker
001_ToolbarControl
Chatterer
CommunityTechTree
DDSLoader
DangerAlerts
DestructionEffects
EasyVesselSwitch
FMRS
HeatControl
JSI
KAS
KIS
KerbalEngineer
NavBallDockingAlignmentIndicatorCE
PatchManager
PersistentRotation
RecoveryController
SCANsat
Stock folder: Squad

Trajectories
TriggerTech
UniversalStorage
Stock file: .DS_Store

ModuleManager.3.1.0.dll
ModuleManager.ConfigCache
ModuleManager.ConfigSHA
ModuleManager.Physics
ModuleManager.TechTree

************************************************************************

[LOG 01:25:09.980] [AddonLoader]: Instantiating addon 'ModuleManager' from assembly 'ModuleManager'
[LOG 01:25:09.994] [ModuleManager] Adding ModuleManager to the loading screen 4
[LOG 01:25:09.994] [AddonLoader]: Instantiating addon 'Logger' from assembly 'MiniAVC'
[LOG 01:25:09.995] [AddonLoader]: Instantiating addon 'Starter' from assembly 'MiniAVC'
[LOG 01:25:09.997] [AddonLoader]: Instantiating addon 'Logger' from assembly 'MiniAVC'
[LOG 01:25:09.998] [AddonLoader]: Instantiating addon 'Starter' from assembly 'MiniAVC'
[LOG 01:25:09.998] [AddonLoader]: Instantiating addon 'ConfigInfo' from assembly 'ToolbarController'
[LOG 01:25:09.998] [AddonLoader]: Instantiating addon 'RegisterToolbarBlizzyOptions' from assembly 'ToolbarController'
[LOG 01:25:09.999] [AddonLoader]: Instantiating addon 'Logger' from assembly 'MiniAVC'
[LOG 01:25:09.999] [AddonLoader]: Instantiating addon 'Starter' from assembly 'MiniAVC'
[LOG 01:25:09.999] [AddonLoader]: Instantiating addon 'Settings' from assembly 'DDSLoader'
[LOG 01:25:10.002] [AddonLoader]: Instantiating addon 'DESettings' from assembly 'DestructionEffects'
[LOG 01:25:10.002] [AddonLoader]: Instantiating addon 'LibraryLoader' from assembly 'KSPDev_Utils.0.37'
[LOG 01:25:10.006] Loading KSPDevUtils: EasyVesselSwitch/Plugins/KSPDev_Utils.0.37.dll (v0.37.6763.34473)
[LOG 01:25:10.007] [AddonLoader]: Instantiating addon 'Logger' from assembly 'MiniAVC'
[LOG 01:25:10.008] [AddonLoader]: Instantiating addon 'Starter' from assembly 'MiniAVC'
[LOG 01:25:10.008] [AddonLoader]: Instantiating addon 'Logger' from assembly 'MiniAVC'
[LOG 01:25:10.009] [AddonLoader]: Instantiating addon 'Starter' from assembly 'MiniAVC'
[LOG 01:25:10.009] [AddonLoader]: Instantiating addon 'Logger' from assembly 'MiniAVC'
[LOG 01:25:10.010] [AddonLoader]: Instantiating addon 'Starter' from assembly 'MiniAVC'
[LOG 01:25:10.011] [AddonLoader]: Instantiating addon 'KISAddonCursor' from assembly 'KIS'
[LOG 01:25:10.012] [AddonLoader]: Instantiating addon 'KISAddonConfig' from assembly 'KIS'
[LOG 01:25:10.014] [AddonLoader]: Instantiating addon 'LibraryLoader' from assembly 'KSPDev_Utils.0.37'
[LOG 01:25:10.014] [AddonLoader]: Instantiating addon 'Logger' from assembly 'MiniAVC'
[LOG 01:25:10.015] [AddonLoader]: Instantiating addon 'Starter' from assembly 'MiniAVC'
[LOG 01:25:10.015] [AddonLoader]: Instantiating addon 'AssetBundleLoader' from assembly 'KerbalEngineer'
[LOG 01:25:10.015] [AddonLoader]: Instantiating addon 'MyLogger' from assembly 'KerbalEngineer'
[LOG 01:25:10.016] [AddonLoader]: Instantiating addon 'GeneralSettings' from assembly 'KerbalEngineer'
[LOG 01:25:10.047] [AddonLoader]: Instantiating addon 'ControlCentre' from assembly 'KerbalEngineer'
[LOG 01:25:10.048] [AddonLoader]: Instantiating addon 'Logger' from assembly 'MiniAVC'
[LOG 01:25:10.049] [AddonLoader]: Instantiating addon 'Starter' from assembly 'MiniAVC'
[LOG 01:25:10.050] [AddonLoader]: Instantiating addon 'Logger' from assembly 'MiniAVC'
[LOG 01:25:10.050] [AddonLoader]: Instantiating addon 'Starter' from assembly 'MiniAVC'
[LOG 01:25:10.050] [AddonLoader]: Instantiating addon 'Logger' from assembly 'MiniAVC'
[LOG 01:25:10.051] [AddonLoader]: Instantiating addon 'Starter' from assembly 'MiniAVC'
[LOG 01:25:10.051] [AddonLoader]: Instantiating addon 'Logger' from assembly 'MiniAVC'
[LOG 01:25:10.051] [AddonLoader]: Instantiating addon 'Starter' from assembly 'MiniAVC'
[LOG 01:25:10.720] Load(Audio): Chatterer/Sounds/AAE/background/ch0cchi__alien-ship-idle
[ERR 01:25:10.724] Couldn't open /Applications/KSP_osx/KSP.app/Contents/Plugins/3DConnexionWrapperU5.bundle/Contents/MacOS/3DConnexionWrapperU5, error: dlopen(/Applications/KSP_osx/KSP.app/Contents/Plugins/3DConnexionWrapperU5.bundle/Contents/MacOS/3DConnexionWrapperU5, 2): Library not loaded: /Library/Frameworks/3DconnexionClient.framework/Versions/A/3DconnexionClient
  Referenced from: /Applications/KSP_osx/KSP.app/Contents/Plugins/3DConnexionWrapperU5.bundle/Contents/MacOS/3DConnexionWrapperU5
  Reason: image not found

[ERR 01:25:10.729] Couldn't open /Applications/KSP_osx/KSP.app/Contents/Plugins/3DConnexionWrapperU5.bundle/Contents/MacOS/3DConnexionWrapperU5, error: dlopen(/Applications/KSP_osx/KSP.app/Contents/Plugins/3DConnexionWrapperU5.bundle/Contents/MacOS/3DConnexionWrapperU5, 2): Library not loaded: /Library/Frameworks/3DconnexionClient.framework/Versions/A/3DconnexionClient
  Referenced from: /Applications/KSP_osx/KSP.app/Contents/Plugins/3DConnexionWrapperU5.bundle/Contents/MacOS/3DConnexionWrapperU5
  Reason: image not found

[WRN 01:25:10.732] [SpaceNavigatorMac]: Could not initialize device.
3DConnexionWrapperU5
[WRN 01:25:10.745] File '/Applications/KSP_osx/KSP.app/Contents/../../GameData/001_ToolbarControl/PluginData/Debug.cfg' does not exist
[LOG 01:25:10.752] == DestructionEffects: Loading settings.cfg ==
[LOG 01:25:10.799] MiniAVC -> Executing: MiniAVC - 1.0.3.2
[LOG 01:25:10.799] MiniAVC -> Assembly: /Applications/KSP_osx/GameData/000_ClickThroughBlocker/MiniAVC.dll
[LOG 01:25:10.799] MiniAVC -> Starter was created.
[LOG 01:25:10.799] MiniAVC -> Starter was destroyed.
[LOG 01:25:10.799] MiniAVC -> Starter was destroyed.
[LOG 01:25:10.799] MiniAVC -> Starter was destroyed.
[LOG 01:25:10.799] MiniAVC -> Starter was destroyed.
[LOG 01:25:10.799] MiniAVC -> Starter was destroyed.
[LOG 01:25:10.799] MiniAVC -> Starter was destroyed.
[LOG 01:25:10.799] MiniAVC -> Starter was destroyed.
[LOG 01:25:10.799] MiniAVC -> Starter was destroyed.
[LOG 01:25:10.801] MiniAVC -> Executing: MiniAVC - 1.0.3.1
[LOG 01:25:10.801] MiniAVC -> Assembly: /Applications/KSP_osx/GameData/KAS/Plugins/MiniAVC.dll
[LOG 01:25:10.801] MiniAVC -> Starter was created.
[LOG 01:25:10.801] MiniAVC -> System.IO.IOException: Sharing violation on path /Applications/KSP_osx/GameData/000_ClickThroughBlocker/MiniAVC.xml
  at System.IO.FileStream..ctor (System.String path, FileMode mode, FileAccess access, FileShare share, Int32 bufferSize, Boolean anonymous, FileOptions options) [0x00000] in <filename unknown>:0 
  at System.IO.FileStream..ctor (System.String path, FileMode mode) [0x00000] in <filename unknown>:0 
  at MiniAVC.AddonSettings.Load (System.String rootPath) [0x00000] in <filename unknown>:0 
  at MiniAVC.AddonLibrary.ProcessAddonPopulation (System.Object state) [0x00000] in <filename unknown>:0 
[LOG 01:25:10.802] MiniAVC -> Executing: MiniAVC - 1.0.3.0
[LOG 01:25:10.802] MiniAVC -> Assembly: /Applications/KSP_osx/GameData/KIS/Plugins/MiniAVC.dll
[LOG 01:25:10.802] MiniAVC -> Starter was created.
[LOG 01:25:10.802] MiniAVC -> System.IO.IOException: Sharing violation on path /Applications/KSP_osx/GameData/000_ClickThroughBlocker/MiniAVC.xml
  at System.IO.FileStream..ctor (System.String path, FileMode mode, FileAccess access, FileShare share, Int32 bufferSize, Boolean anonymous, FileOptions options) [0x00000] in <filename unknown>:0 
  at System.IO.FileStream..ctor (System.String path, FileMode mode) [0x00000] in <filename unknown>:0 
  at MiniAVC.AddonSettings.Load (System.String rootPath) [0x00000] in <filename unknown>:0 
  at MiniAVC.AddonLibrary.ProcessAddonPopulation (System.Object state) [0x00000] in <filename unknown>:0 
[LOG 01:25:10.805] KerbalEngineer -> Executing: KerbalEngineer - 1.1.5.4
[LOG 01:25:10.806] KerbalEngineer -> Assembly: /Applications/KSP_osx/GameData/KerbalEngineer/KerbalEngineer.dll
[LOG 01:25:10.806] KerbalEngineer -> images (UnityEngine.AssetBundle)
[LOG 01:25:11.173] Opt-out preferences successfully retrieved, applied and saved:
{"optOut":false,"analyticsEnabled":true,"deviceStatsEnabled":true,"limitUserTracking":false,"performanceReportingEnabled":true}
[LOG 01:25:11.198] MiniAVC -> /Applications/KSP_osx/GameData/EasyVesselSwitch/Plugins/EasyVesselSwitch.version
	NAME: Easy Vessel Switch
	URL: https://raw.githubusercontent.com/ihsoft/EasyVesselSwitch/master/EasyVesselSwitch.version
	DOWNLOAD: http://kerbal.curseforge.com/projects/easy-vessel-switch-evs
	GITHUB: NULL
	VERSION: 1.8.6767.274
	KSP_VERSION: 1.4
	KSP_VERSION_MIN: 1.4
	KSP_VERSION_MAX: 1.4.99
	CompatibleKspVersion: False
	CompatibleKspVersionMin: True
	CompatibleKspVersionMax: True
	CompatibleGitHubVersion: True
[LOG 01:25:11.199] MiniAVC -> https://raw.githubusercontent.com/ihsoft/EasyVesselSwitch/master/EasyVesselSwitch.version
	NAME: Easy Vessel Switch
	URL: https://raw.githubusercontent.com/ihsoft/EasyVesselSwitch/master/EasyVesselSwitch.version
	DOWNLOAD: http://kerbal.curseforge.com/projects/easy-vessel-switch-evs
	GITHUB: NULL
	VERSION: 1.9.6863.37707
	KSP_VERSION: 1.4
	KSP_VERSION_MIN: 1.5
	KSP_VERSION_MAX: 1.5.99
	CompatibleKspVersion: False
	CompatibleKspVersionMin: False
	CompatibleKspVersionMax: True
	CompatibleGitHubVersion: True
	UpdateAvailable: False
[LOG 01:25:11.199] MiniAVC -> /Applications/KSP_osx/GameData/KAS/Plugins/KAS.version
	NAME: Kerbal Attachment System
	URL: https://raw.githubusercontent.com/ihsoft/KAS/master/kas.version
	DOWNLOAD: http://forum.kerbalspaceprogram.com/threads/92514
	GITHUB: ihsoft/KAS
		LatestRelease: NULL
		AllowPreRelease: False
	VERSION: 0.6.4
	KSP_VERSION: 1.4
	KSP_VERSION_MIN: 1.4
	KSP_VERSION_MAX: 1.4.99
	CompatibleKspVersion: False
	CompatibleKspVersionMin: True
	CompatibleKspVersionMax: True
	CompatibleGitHubVersion: True
[LOG 01:25:11.207] Load(Audio): Chatterer/Sounds/AAE/background/drni__gas-stove-space-ship
[LOG 01:25:11.542] Load(Audio): Chatterer/Sounds/AAE/effect/airlock
[LOG 01:25:11.542] MiniAVC -> /Applications/KSP_osx/GameData/KIS/Plugins/KIS.version
	NAME: Kerbal Inventory System
	URL: https://raw.githubusercontent.com/ihsoft/KIS/master/KIS.version
	DOWNLOAD: http://forum.kerbalspaceprogram.com/index.php?/topic/149848-12-kerbal-inventory-system-kis-v131/
	GITHUB: NULL
	VERSION: 1.14.6773.33741
	KSP_VERSION: 1.4
	KSP_VERSION_MIN: 1.4
	KSP_VERSION_MAX: 1.4.99
	CompatibleKspVersion: False
	CompatibleKspVersionMin: True
	CompatibleKspVersionMax: True
	CompatibleGitHubVersion: True
[LOG 01:25:11.542] MiniAVC -> https://raw.githubusercontent.com/ihsoft/KIS/master/KIS.version
	NAME: Kerbal Inventory System
	URL: https://raw.githubusercontent.com/ihsoft/KIS/master/KIS.version
	DOWNLOAD: http://forum.kerbalspaceprogram.com/index.php?/topic/149848-12-kerbal-inventory-system-kis-v131/
	GITHUB: NULL
	VERSION: 1.16.6876.37464
	KSP_VERSION: 1.5.1
	KSP_VERSION_MIN: 1.5.1
	KSP_VERSION_MAX: 1.5.99
	CompatibleKspVersion: False
	CompatibleKspVersionMin: False
	CompatibleKspVersionMax: True
	CompatibleGitHubVersion: True
	UpdateAvailable: False
[LOG 01:25:11.542] MiniAVC -> Identical remote version found: Using remote version information only.
[LOG 01:25:11.542] MiniAVC -> https://raw.githubusercontent.com/jrbudda/KerbalEngineer/master/Output/KerbalEngineer/KerbalEngineer.version
	NAME: Kerbal Engineer Redux
	URL: https://raw.githubusercontent.com/jrbudda/KerbalEngineer/master/Output/KerbalEngineer/KerbalEngineer.version
	DOWNLOAD: https://github.com/jrbudda/KerbalEngineer/releases
	GITHUB: NULL
	VERSION: 1.1.5.4
	KSP_VERSION: 1.5
	KSP_VERSION_MIN: 1.4
	KSP_VERSION_MAX: 1.5.9
	CompatibleKspVersion: False
	CompatibleKspVersionMin: True
	CompatibleKspVersionMax: True
	CompatibleGitHubVersion: True
[LOG 01:25:11.542] MiniAVC -> /Applications/KSP_osx/GameData/000_ClickThroughBlocker/ClickThroughBlocker.version
	NAME: ClickThroughBlocker
	URL: http://ksp-avc.cybutek.net/version.php?id=546
	DOWNLOAD: https://github.com/linuxgurugamer/ClickThroughBlocker/releases
	GITHUB: linuxgurugamer/ClickThroughBlocker
		LatestRelease: NULL
		AllowPreRelease: False
	VERSION: 0.1.6.7
	KSP_VERSION: 1.4.1
	KSP_VERSION_MIN: 1.4.1
	KSP_VERSION_MAX: 1.4.99
	CompatibleKspVersion: False
	CompatibleKspVersionMin: True
	CompatibleKspVersionMax: True
	CompatibleGitHubVersion: True
[LOG 01:25:11.542] MiniAVC -> Identical remote version found: Using remote version information only.
[LOG 01:25:11.542] MiniAVC -> http://ksp-avc.cybutek.net/version.php?id=27
	NAME: Chatterer
	URL: http://ksp-avc.cybutek.net/version.php?id=27
	DOWNLOAD: http://forum.kerbalspaceprogram.com/threads/92324-0-24-2-Chatterer-v-0-6-1-Aug-31-2014
	GITHUB: NULL
	VERSION: 0.9.96.2332
	KSP_VERSION: 1.5
	KSP_VERSION_MIN: 1.4
	KSP_VERSION_MAX: 1.5.99
	CompatibleKspVersion: False
	CompatibleKspVersionMin: True
	CompatibleKspVersionMax: True
	CompatibleGitHubVersion: True
[LOG 01:25:11.542] MiniAVC -> http://ksp-avc.cybutek.net/version.php?id=546
	NAME: ClickThroughBlocker
	URL: http://ksp-avc.cybutek.net/version.php?id=546
	DOWNLOAD: NULL
	GITHUB: NULL
	VERSION: 0.0.1
	KSP_VERSION: 1.3.1
	KSP_VERSION_MIN: NULL
	KSP_VERSION_MAX: NULL
	CompatibleKspVersion: False
	CompatibleKspVersionMin: True
	CompatibleKspVersionMax: True
	CompatibleGitHubVersion: True
	UpdateAvailable: False
[LOG 01:25:11.542] MiniAVC -> Version file contains errors: https://raw.githubusercontent.com/linuxgurugamer/NavBallDockingAlignmentIndicatorCE/master/NavBallDockingAlignmentIndicatorCE.version
[LOG 01:25:11.542] MiniAVC -> /Applications/KSP_osx/GameData/NavBallDockingAlignmentIndicatorCE/NavBallDockingAlignmentIndicatorCE.version
	NAME: NavBallDockingAlignmentIndicatorCE
	URL: https://raw.githubusercontent.com/linuxgurugamer/NavBallDockingAlignmentIndicatorCE/master/NavBallDockingAlignmentIndicatorCE.version
	DOWNLOAD: https://github.com/linuxgurugamer/NavBallDockingAlignmentIndicatorCE/releases
	GITHUB: linuxgurugamer/NavBallDockingAlignmentIndicatorCE
		LatestRelease: NULL
		AllowPreRelease: False
	VERSION: 1.0.4.2
	KSP_VERSION: 1.4.1
	KSP_VERSION_MIN: 1.4.1
	KSP_VERSION_MAX: 1.4.99
	CompatibleKspVersion: False
	CompatibleKspVersionMin: True
	CompatibleKspVersionMax: True
	CompatibleGitHubVersion: True
[LOG 01:25:11.542] MiniAVC -> https://raw.githubusercontent.com/linuxgurugamer/NavBallDockingAlignmentIndicatorCE/master/NavBallDockingAlignmentIndicatorCE.version
	NAME: NULL (required)
	URL: NULL
	DOWNLOAD: NULL
	GITHUB: NULL
	VERSION: NULL (required)
	KSP_VERSION: 1.4.5
	KSP_VERSION_MIN: NULL
	KSP_VERSION_MAX: NULL
	CompatibleKspVersion: True
	CompatibleKspVersionMin: True
	CompatibleKspVersionMax: True
	CompatibleGitHubVersion: True
	UpdateAvailable: False
[LOG 01:25:11.571] Load(Audio): Chatterer/Sounds/AAE/effect/breathing
[LOG 01:25:11.603] Load(Audio): Chatterer/Sounds/AAE/wind/mario1298__weak-wind
[LOG 01:25:11.668] Load(Audio): Chatterer/Sounds/beeps/3beeps
[LOG 01:25:11.669] MiniAVC -> /Applications/KSP_osx/GameData/PatchManager/PatchManager.version
	NAME: PatchManager
	URL: https://raw.githubusercontent.com/linuxgurugamer/PatchManager/master/PatchManager.version
	DOWNLOAD: https://github.com/linuxgurugamer/PatchManager/releases
	GITHUB: linuxgurugamer/PatchManager
		LatestRelease: NULL
		AllowPreRelease: False
	VERSION: 0.0.16
	KSP_VERSION: 1.4.1
	KSP_VERSION_MIN: 1.4.1
	KSP_VERSION_MAX: 1.4.99
	CompatibleKspVersion: False
	CompatibleKspVersionMin: True
	CompatibleKspVersionMax: True
	CompatibleGitHubVersion: True
[LOG 01:25:11.669] MiniAVC -> https://raw.githubusercontent.com/linuxgurugamer/PatchManager/master/PatchManager.version
	NAME: PatchManager
	URL: https://raw.githubusercontent.com/linuxgurugamer/PatchManager/master/PatchManager.version
	DOWNLOAD: https://github.com/linuxgurugamer/PatchManager/releases
	GITHUB: linuxgurugamer/PatchManager
		LatestRelease: 0.0.16.2
		AllowPreRelease: False
	VERSION: 0.0.16.2
	KSP_VERSION: 1.5.1
	KSP_VERSION_MIN: 1.5.1
	KSP_VERSION_MAX: 1.5.99
	CompatibleKspVersion: False
	CompatibleKspVersionMin: False
	CompatibleKspVersionMax: True
	CompatibleGitHubVersion: True
	UpdateAvailable: False
[LOG 01:25:11.672] Load(Audio): Chatterer/Sounds/beeps/3beeps1000
[LOG 01:25:11.680] Load(Audio): Chatterer/Sounds/beeps/beep-04
[LOG 01:25:11.788] MiniAVC -> /Applications/KSP_osx/GameData/FMRS/FMRS.version
	NAME: FMRS (Flight Manager For Reusable Stages)
	URL: https://raw.githubusercontent.com/linuxgurugamer/FMRS/master/FMRS.version
	DOWNLOAD: https://github.com/linuxgurugamer/FMRS/releases
	GITHUB: linuxgurugamer/FMRS
		LatestRelease: NULL
		AllowPreRelease: False
	VERSION: 1.2.7.2
	KSP_VERSION: 1.4.1
	KSP_VERSION_MIN: 1.4.1
	KSP_VERSION_MAX: 1.4.99
	CompatibleKspVersion: False
	CompatibleKspVersionMin: True
	CompatibleKspVersionMax: True
	CompatibleGitHubVersion: True
[LOG 01:25:11.788] MiniAVC -> https://raw.githubusercontent.com/linuxgurugamer/FMRS/master/FMRS.version
	NAME: FMRS (Flight Manager For Reusable Stages)
	URL: http://ksp.spacetux.net/avc/FMRS
	DOWNLOAD: https://github.com/linuxgurugamer/FMRS/releases
	GITHUB: linuxgurugamer/FMRS
		LatestRelease: 1.2.7.3
		AllowPreRelease: False
	VERSION: 1.2.7.3
	KSP_VERSION: 1.5.1
	KSP_VERSION_MIN: 1.5.1
	KSP_VERSION_MAX: 1.5.99
	CompatibleKspVersion: False
	CompatibleKspVersionMin: False
	CompatibleKspVersionMax: True
	CompatibleGitHubVersion: True
	UpdateAvailable: False
[LOG 01:25:11.788] MiniAVC -> /Applications/KSP_osx/GameData/RecoveryController/RecoveryController.version
	NAME: Recovery Controller
	URL: https://raw.githubusercontent.com/linuxgurugamer/RecoveryController/master/RecoveryController.version
	DOWNLOAD: https://github.com/linuxgurugamer/RecoveryController/releases
	GITHUB: linuxgurugamer/FMRS
		LatestRelease: NULL
		AllowPreRelease: False
	VERSION: 0.0.3.2
	KSP_VERSION: 1.4.1
	KSP_VERSION_MIN: 1.4.1
	KSP_VERSION_MAX: 1.4.99
	CompatibleKspVersion: False
	CompatibleKspVersionMin: True
	CompatibleKspVersionMax: True
	CompatibleGitHubVersion: True
[LOG 01:25:11.788] MiniAVC -> https://raw.githubusercontent.com/linuxgurugamer/RecoveryController/master/RecoveryController.version
	NAME: Recovery Controller
	URL: http://ksp.spacetux.net/avc/RecoveryController
	DOWNLOAD: https://github.com/linuxgurugamer/RecoveryController/releases
	GITHUB: linuxgurugamer/FMRS
		LatestRelease: 1.2.7.3
		AllowPreRelease: False
	VERSION: 0.0.3.3
	KSP_VERSION: 1.5.1
	KSP_VERSION_MIN: 1.5.1
	KSP_VERSION_MAX: 1.5.99
	CompatibleKspVersion: False
	CompatibleKspVersionMin: False
	CompatibleKspVersionMax: True
	CompatibleGitHubVersion: False
	UpdateAvailable: False
[LOG 01:25:11.790] Load(Audio): Chatterer/Sounds/beeps/beep-1
[LOG 01:25:11.836] Load(Audio): Chatterer/Sounds/beeps/beep-pager
[LOG 01:25:11.840] Load(Audio): Chatterer/Sounds/beeps/beep
[LOG 01:25:11.843] Load(Audio): Chatterer/Sounds/beeps/blip10
[LOG 01:25:11.866] Load(Audio): Chatterer/Sounds/beeps/blip33
[LOG 01:25:11.870] Load(Audio): Chatterer/Sounds/beeps/blip34
[LOG 01:25:11.881] Load(Audio): Chatterer/Sounds/beeps/btn402
[LOG 01:25:11.899] Load(Audio): Chatterer/Sounds/beeps/mcgamesound2
[LOG 01:25:11.913] Load(Audio): Chatterer/Sounds/beeps/mcgamestart
[LOG 01:25:11.929] Load(Audio): Chatterer/Sounds/beeps/scanner-blip
[LOG 01:25:11.962] Load(Audio): Chatterer/Sounds/beeps/short-beep
[LOG 01:25:11.966] Load(Audio): Chatterer/Sounds/chatter/quindar_01
[LOG 01:25:11.981] Load(Audio): Chatterer/Sounds/chatter/quindar_02
[LOG 01:25:11.997] Load(Audio): Chatterer/Sounds/chatter/voidnoise
[LOG 01:25:12.020] Load(Audio): Chatterer/Sounds/chatter/apollo11/capcom/capcom_01
[LOG 01:25:12.035] Load(Audio): Chatterer/Sounds/chatter/apollo11/capcom/capcom_02
[LOG 01:25:12.048] Load(Audio): Chatterer/Sounds/chatter/apollo11/capcom/capcom_03
[LOG 01:25:12.065] Load(Audio): Chatterer/Sounds/chatter/apollo11/capcom/capcom_04
[LOG 01:25:12.086] Load(Audio): Chatterer/Sounds/chatter/apollo11/capcom/capcom_05
[LOG 01:25:12.102] Load(Audio): Chatterer/Sounds/chatter/apollo11/capcom/capcom_06
[LOG 01:25:12.115] Load(Audio): Chatterer/Sounds/chatter/apollo11/capcom/capcom_07
[LOG 01:25:12.133] Load(Audio): Chatterer/Sounds/chatter/apollo11/capcom/capcom_08
[LOG 01:25:12.150] Load(Audio): Chatterer/Sounds/chatter/apollo11/capcom/capcom_09
[LOG 01:25:12.165] Load(Audio): Chatterer/Sounds/chatter/apollo11/capcom/capcom_10
[LOG 01:25:12.182] Load(Audio): Chatterer/Sounds/chatter/apollo11/capcom/capcom_11
[LOG 01:25:12.200] Load(Audio): Chatterer/Sounds/chatter/apollo11/capcom/capcom_12
[LOG 01:25:12.216] Load(Audio): Chatterer/Sounds/chatter/apollo11/capcom/capcom_13
[LOG 01:25:12.241] Load(Audio): Chatterer/Sounds/chatter/apollo11/capcom/capcom_14
[LOG 01:25:12.241] MiniAVC -> /Applications/KSP_osx/GameData/001_ToolbarControl/ToolbarControl.version
	NAME: ToolbarControl
	URL: https://raw.githubusercontent.com/linuxgurugamer/ToolbarControl/master/ToolbarControl.version
	DOWNLOAD: https://github.com/linuxgurugamer/ToolbarControl/releases
	GITHUB: linuxgurugamer/ToolbarControl
		LatestRelease: NULL
		AllowPreRelease: False
	VERSION: 0.1.6.16
	KSP_VERSION: 1.4.1
	KSP_VERSION_MIN: 1.4.1
	KSP_VERSION_MAX: 1.4.99
	CompatibleKspVersion: False
	CompatibleKspVersionMin: True
	CompatibleKspVersionMax: True
	CompatibleGitHubVersion: True
[LOG 01:25:12.241] MiniAVC -> https://raw.githubusercontent.com/linuxgurugamer/ToolbarControl/master/ToolbarControl.version
	NAME: ToolbarControl
	URL: http://ksp.spacetux.net/avc/ToolbarControl
	DOWNLOAD: https://github.com/linuxgurugamer/ToolbarControl/releases
	GITHUB: linuxgurugamer/ToolbarControl
		LatestRelease: 0.1.6.19
		AllowPreRelease: False
	VERSION: 0.1.6.19
	KSP_VERSION: 1.5.1
	KSP_VERSION_MIN: 1.5.1
	KSP_VERSION_MAX: 1.5.99
	CompatibleKspVersion: False
	CompatibleKspVersionMin: False
	CompatibleKspVersionMax: True
	CompatibleGitHubVersion: True
	UpdateAvailable: False
[LOG 01:25:12.249] Load(Audio): Chatterer/Sounds/chatter/apollo11/capcom/capcom_15
[LOG 01:25:12.267] Load(Audio): Chatterer/Sounds/chatter/apollo11/capcom/capcom_16
[LOG 01:25:12.267] MiniAVC -> Starter was destroyed.
[LOG 01:25:12.281] Load(Audio): Chatterer/Sounds/chatter/apollo11/capsule/capsule_01
[LOG 01:25:12.316] Load(Audio): Chatterer/Sounds/chatter/apollo11/capsule/capsule_02
[LOG 01:25:12.339] Load(Audio): Chatterer/Sounds/chatter/apollo11/capsule/capsule_03
[LOG 01:25:12.357] Load(Audio): Chatterer/Sounds/chatter/apollo11/capsule/capsule_04
[LOG 01:25:12.375] Load(Audio): Chatterer/Sounds/chatter/apollo11/capsule/capsule_05
[LOG 01:25:12.382] Load(Audio): Chatterer/Sounds/chatter/apollo11/capsule/capsule_06
[LOG 01:25:12.403] Load(Audio): Chatterer/Sounds/chatter/apollo11/capsule/capsule_07
[LOG 01:25:12.417] Load(Audio): Chatterer/Sounds/chatter/apollo11/capsule/capsule_08
[LOG 01:25:12.436] Load(Audio): Chatterer/Sounds/chatter/apollo11/capsule/capsule_09
[LOG 01:25:12.448] Load(Audio): Chatterer/Sounds/chatter/apollo11/capsule/capsule_10
[LOG 01:25:12.470] Load(Audio): Chatterer/Sounds/chatter/apollo11/capsule/capsule_11
[LOG 01:25:12.474] Load(Audio): Chatterer/Sounds/chatter/apollo11/capsule/capsule_12
[LOG 01:25:12.478] Load(Audio): Chatterer/Sounds/chatter/apollo11/capsule/capsule_13
[LOG 01:25:12.484] Load(Audio): Chatterer/Sounds/chatter/apollo11/capsule/capsule_14
[LOG 01:25:12.488] Load(Audio): Chatterer/Sounds/chatter/apollo11/capsule/capsule_15
[LOG 01:25:12.493] Load(Audio): Chatterer/Sounds/chatter/apollo11/capsule/capsule_16
[LOG 01:25:12.500] Load(Audio): Chatterer/Sounds/chatter/apollo11/capsule/capsule_17
[LOG 01:25:12.508] Load(Audio): Chatterer/Sounds/chatter/russian/capsule/MirST15_01
[LOG 01:25:12.531] Load(Audio): Chatterer/Sounds/chatter/russian/capsule/MirST15_02
[LOG 01:25:12.538] Load(Audio): Chatterer/Sounds/chatter/russian/capsule/MirST15_03
[LOG 01:25:12.551] Load(Audio): Chatterer/Sounds/chatter/russian/capsule/MirST15_04
[LOG 01:25:12.560] Load(Audio): Chatterer/Sounds/chatter/russian/capsule/MirST15_05
[LOG 01:25:12.570] Load(Audio): Chatterer/Sounds/chatter/russian/capsule/MirST15_06
[LOG 01:25:12.581] Load(Audio): Chatterer/Sounds/chatter/russian/capsule/MirST15_07
[LOG 01:25:12.608] Load(Audio): Chatterer/Sounds/chatter/russian/capsule/ST15_01
[LOG 01:25:12.623] Load(Audio): Chatterer/Sounds/chatter/russian/capsule/ST15_02
[LOG 01:25:12.641] Load(Audio): Chatterer/Sounds/chatter/russian/capsule/ST15_03
[LOG 01:25:12.649] Load(Audio): Chatterer/Sounds/chatter/russian/capsule/ST15_04
[LOG 01:25:12.656] Load(Audio): Chatterer/Sounds/chatter/russian/capsule/Soyuz14_01
[LOG 01:25:12.665] Load(Audio): Chatterer/Sounds/chatter/russian/capsule/Soyuz14_02
[LOG 01:25:12.674] Load(Audio): Chatterer/Sounds/chatter/russian/capsule/Soyuz14_03
[LOG 01:25:12.697] Load(Audio): Chatterer/Sounds/chatter/russian/capsule/Soyuz16_01
[LOG 01:25:12.714] Load(Audio): Chatterer/Sounds/chatter/russian/capsule/Soyuz16_02
[LOG 01:25:12.724] Load(Audio): Chatterer/Sounds/chatter/russian/capsule/Soyuz16_03
[LOG 01:25:12.737] Load(Audio): Chatterer/Sounds/chatter/russian/capsule/Soyuz17_01
[LOG 01:25:12.743] Load(Audio): Chatterer/Sounds/chatter/russian/capsule/Soyuz17_02
[LOG 01:25:12.753] Load(Audio): Chatterer/Sounds/chatter/russian/capsule/Soyuz17_03
[LOG 01:25:12.763] Load(Audio): Chatterer/Sounds/chatter/russian/capsule/Soyuz17_04
[LOG 01:25:12.774] Load(Audio): Chatterer/Sounds/chatter/russian/capsule/Soyuz17_05
[LOG 01:25:12.779] Load(Audio): Chatterer/Sounds/chatter/russian/capsule/Soyuz17_06
[LOG 01:25:12.793] Load(Audio): Chatterer/Sounds/chatter/russian/capsule/Soyuz17_07
[LOG 01:25:12.811] Load(Audio): Chatterer/Sounds/chatter/russian/capsule/Soyuz17_08
[LOG 01:25:12.819] Load(Audio): Chatterer/Sounds/chatter/russian/capsule/Soyuz22_01
[LOG 01:25:12.824] Load(Audio): Chatterer/Sounds/chatter/russian/capsule/Soyuz22_02
[LOG 01:25:12.833] Load(Audio): Chatterer/Sounds/chatter/russian/capsule/Soyuz22_03
[LOG 01:25:12.840] Load(Audio): Chatterer/Sounds/chatter/russian/capsule/Soyuz33_01
[LOG 01:25:12.845] Load(Audio): Chatterer/Sounds/chatter/russian/capsule/Soyuz33_02
[LOG 01:25:12.857] Load(Audio): Chatterer/Sounds/chatter/russian/capsule/Soyuz33_03
[LOG 01:25:12.869] Load(Audio): Chatterer/Sounds/chatter/russian/capsule/Soyuz33_04
[LOG 01:25:12.891] Load(Audio): Chatterer/Sounds/chatter/sts1/capcom/capcom_01
[LOG 01:25:12.904] Load(Audio): Chatterer/Sounds/chatter/sts1/capcom/capcom_02
[LOG 01:25:12.930] Load(Audio): Chatterer/Sounds/chatter/sts1/capcom/capcom_03
[LOG 01:25:12.938] Load(Audio): Chatterer/Sounds/chatter/sts1/capcom/capcom_04
[LOG 01:25:12.946] Load(Audio): Chatterer/Sounds/chatter/sts1/capcom/capcom_05
[LOG 01:25:12.955] Load(Audio): Chatterer/Sounds/chatter/sts1/capcom/capcom_06
[LOG 01:25:12.965] Load(Audio): Chatterer/Sounds/chatter/sts1/capcom/capcom_07
[LOG 01:25:12.973] Load(Audio): Chatterer/Sounds/chatter/sts1/capcom/capcom_08
[LOG 01:25:12.981] Load(Audio): Chatterer/Sounds/chatter/sts1/capcom/capcom_09
[LOG 01:25:13.007] Load(Audio): Chatterer/Sounds/chatter/sts1/capcom/capcom_10
[LOG 01:25:13.028] Load(Audio): Chatterer/Sounds/chatter/sts1/capcom/capcom_11
[LOG 01:25:13.038] Load(Audio): Chatterer/Sounds/chatter/sts1/capcom/capcom_12
[LOG 01:25:13.044] Load(Audio): Chatterer/Sounds/chatter/sts1/capcom/capcom_13
[LOG 01:25:13.069] Load(Audio): Chatterer/Sounds/chatter/sts1/capcom/capcom_14
[LOG 01:25:13.077] Load(Audio): Chatterer/Sounds/chatter/sts1/capcom/capcom_15
[LOG 01:25:13.099] Load(Audio): Chatterer/Sounds/chatter/sts1/capcom/capcom_16
[LOG 01:25:13.109] Load(Audio): Chatterer/Sounds/chatter/sts1/capcom/capcom_17
[LOG 01:25:13.121] Load(Audio): Chatterer/Sounds/chatter/sts1/capcom/capcom_18
[LOG 01:25:13.131] Load(Audio): Chatterer/Sounds/chatter/sts1/capcom/capcom_19
[LOG 01:25:13.139] Load(Audio): Chatterer/Sounds/chatter/sts1/capcom/capcom_20
[LOG 01:25:13.146] Load(Audio): Chatterer/Sounds/chatter/sts1/capcom/capcom_21
[LOG 01:25:13.156] Load(Audio): Chatterer/Sounds/chatter/sts1/capcom/capcom_22
[LOG 01:25:13.182] Load(Audio): Chatterer/Sounds/chatter/sts1/capcom/capcom_23
[LOG 01:25:13.195] Load(Audio): Chatterer/Sounds/chatter/sts1/capcom/capcom_24
[LOG 01:25:13.240] Load(Audio): Chatterer/Sounds/chatter/sts1/capcom/capcom_25
[LOG 01:25:13.430] Load(Audio): Chatterer/Sounds/chatter/sts1/capcom/capcom_26
[LOG 01:25:13.497] Load(Audio): Chatterer/Sounds/chatter/sts1/capcom/capcom_27
[LOG 01:25:13.512] Load(Audio): Chatterer/Sounds/chatter/sts1/capcom/capcom_28
[LOG 01:25:13.533] Load(Audio): Chatterer/Sounds/chatter/sts1/capcom/capcom_29
[LOG 01:25:13.550] Load(Audio): Chatterer/Sounds/chatter/sts1/capcom/capcom_30
[LOG 01:25:13.595] Load(Audio): Chatterer/Sounds/chatter/sts1/capsule/capsule_01
[LOG 01:25:13.621] Load(Audio): Chatterer/Sounds/chatter/sts1/capsule/capsule_02
[LOG 01:25:13.630] Load(Audio): Chatterer/Sounds/chatter/sts1/capsule/capsule_03
[LOG 01:25:13.645] Load(Audio): Chatterer/Sounds/chatter/sts1/capsule/capsule_04
[LOG 01:25:13.659] Load(Audio): Chatterer/Sounds/chatter/sts1/capsule/capsule_05
[LOG 01:25:13.673] Load(Audio): Chatterer/Sounds/chatter/sts1/capsule/capsule_06
[LOG 01:25:13.687] Load(Audio): Chatterer/Sounds/chatter/sts1/capsule/capsule_07
[LOG 01:25:13.708] Load(Audio): Chatterer/Sounds/chatter/sts1/capsule/capsule_08
[LOG 01:25:13.740] Load(Audio): Chatterer/Sounds/chatter/sts1/capsule/capsule_09
[LOG 01:25:13.756] Load(Audio): Chatterer/Sounds/chatter/sts1/capsule/capsule_10
[LOG 01:25:13.766] Load(Audio): Chatterer/Sounds/chatter/sts1/capsule/capsule_11
[LOG 01:25:13.776] Load(Audio): Chatterer/Sounds/chatter/sts1/capsule/capsule_12
[LOG 01:25:13.792] Load(Audio): Chatterer/Sounds/chatter/sts1/capsule/capsule_13
[LOG 01:25:13.849] Load(Audio): Chatterer/Sounds/chatter/sts1/capsule/capsule_14
[LOG 01:25:13.859] Load(Audio): Chatterer/Sounds/chatter/sts1/capsule/capsule_15
[LOG 01:25:13.868] Load(Audio): Chatterer/Sounds/chatter/sts1/capsule/capsule_16
[LOG 01:25:13.900] Load(Audio): Chatterer/Sounds/chatter/sts1/capsule/capsule_17
[LOG 01:25:13.940] Load(Audio): Chatterer/Sounds/chatter/sts1/capsule/capsule_18
[LOG 01:25:13.994] Load(Audio): Chatterer/Sounds/chatter/sts1/capsule/capsule_19
[LOG 01:25:14.008] Load(Audio): Chatterer/Sounds/chatter/sts1/capsule/capsule_20
[LOG 01:25:14.019] Load(Audio): Chatterer/Sounds/chatter/sts1/capsule/capsule_21
[LOG 01:25:14.028] Load(Audio): Chatterer/Sounds/chatter/sts1/capsule/capsule_22
[LOG 01:25:14.043] Load(Audio): Chatterer/Sounds/chatter/sts1/capsule/capsule_23
[LOG 01:25:14.058] Load(Audio): Chatterer/Sounds/chatter/sts1/capsule/capsule_24
[LOG 01:25:14.083] Load(Audio): Chatterer/Sounds/chatter/sts1/capsule/capsule_25
[LOG 01:25:14.091] Load(Audio): Chatterer/Sounds/chatter/sts1/capsule/capsule_26
[LOG 01:25:14.101] Load(Audio): Chatterer/Sounds/chatter/sts1/capsule/capsule_27
[LOG 01:25:14.111] Load(Audio): Chatterer/Sounds/chatter/sts1/capsule/capsule_28
[LOG 01:25:14.118] Load(Audio): Chatterer/Sounds/chatter/sts1/capsule/capsule_29
[LOG 01:25:14.127] Load(Audio): Chatterer/Sounds/chatter/sts1/capsule/capsule_30
[LOG 01:25:14.137] Load(Audio): Chatterer/Sounds/chatter/valentina/capsuleF/capsule_01
[LOG 01:25:14.152] Load(Audio): Chatterer/Sounds/chatter/valentina/capsuleF/capsule_02
[LOG 01:25:14.171] Load(Audio): Chatterer/Sounds/chatter/valentina/capsuleF/capsule_03
[LOG 01:25:14.183] Load(Audio): Chatterer/Sounds/chatter/valentina/capsuleF/capsule_04
[LOG 01:25:14.195] Load(Audio): Chatterer/Sounds/chatter/valentina/capsuleF/capsule_05
[LOG 01:25:14.208] Load(Audio): Chatterer/Sounds/chatter/valentina/capsuleF/capsule_06
[LOG 01:25:14.221] Load(Audio): Chatterer/Sounds/chatter/valentina/capsuleF/capsule_07
[LOG 01:25:14.231] Load(Audio): Chatterer/Sounds/chatter/valentina/capsuleF/capsule_08
[LOG 01:25:14.246] Load(Audio): Chatterer/Sounds/chatter/valentina/capsuleF/capsule_09
[LOG 01:25:14.257] Load(Audio): Chatterer/Sounds/chatter/valentina/capsuleF/capsule_10
[LOG 01:25:14.268] Load(Audio): Chatterer/Sounds/chatter/valentina/capsuleF/capsule_11
[LOG 01:25:14.278] Load(Audio): Chatterer/Sounds/chatter/valentina/capsuleF/capsule_12
[LOG 01:25:14.288] Load(Audio): Chatterer/Sounds/chatter/valentina/capsuleF/capsule_13
[LOG 01:25:14.302] Load(Audio): Chatterer/Sounds/chatter/valentina/capsuleF/capsule_14
[LOG 01:25:14.314] Load(Audio): Chatterer/Sounds/chatter/valentina/capsuleF/capsule_15
[LOG 01:25:14.324] Load(Audio): Chatterer/Sounds/chatter/valentina/capsuleF/capsule_16
[LOG 01:25:14.335] Load(Audio): Chatterer/Sounds/chatter/valentina/capsuleF/capsule_17
[LOG 01:25:14.346] Load(Audio): Chatterer/Sounds/chatter/valentina/capsuleF/capsule_18
[LOG 01:25:14.358] Load(Audio): Chatterer/Sounds/chatter/valentina/capsuleF/capsule_19
[LOG 01:25:14.369] Load(Audio): Chatterer/Sounds/chatter/valentina/capsuleF/capsule_20
[LOG 01:25:14.375] Load(Audio): Chatterer/Sounds/chatter/valentina/capsuleF/capsule_21
[LOG 01:25:14.382] Load(Audio): Chatterer/Sounds/chatter/valentina/capsuleF/capsule_22
[LOG 01:25:14.395] Load(Audio): Chatterer/Sounds/chatter/valentina/capsuleF/capsule_23
[LOG 01:25:14.421] Load(Audio): Chatterer/Sounds/chatter/valentina/capsuleF/capsule_24
[LOG 01:25:14.433] Load(Audio): Chatterer/Sounds/chatter/valentina/capsuleF/capsule_25
[LOG 01:25:14.448] Load(Audio): Chatterer/Sounds/sstv/sstv_01
[LOG 01:25:14.459] Load(Audio): Chatterer/Sounds/sstv/sstv_02
[LOG 01:25:14.470] Load(Audio): Chatterer/Sounds/sstv/sstv_03
[LOG 01:25:14.480] Load(Audio): Chatterer/Sounds/sstv/sstv_04
[LOG 01:25:14.490] Load(Audio): Chatterer/Sounds/sstv/sstv_05
[LOG 01:25:14.502] Load(Audio): Chatterer/Sounds/sstv/sstv_06
[LOG 01:25:14.512] Load(Audio): Chatterer/Sounds/sstv/sstv_07
[LOG 01:25:14.523] Load(Audio): Chatterer/Sounds/sstv/sstv_08
[LOG 01:25:14.543] Load(Audio): Chatterer/Sounds/sstv/sstv_09
[LOG 01:25:14.563] Load(Audio): Chatterer/Sounds/sstv/sstv_10
[LOG 01:25:14.583] Load(Audio): JSI/RasterPropMonitor/Library/Sounds/buttonbeep
[LOG 01:25:14.591] Load(Audio): KAS/Sounds/bipwrong
[LOG 01:25:14.601] Load(Audio): KAS/Sounds/broke
[LOG 01:25:14.611] Load(Audio): KAS/Sounds/grab
[LOG 01:25:14.619] Load(Audio): KAS/Sounds/grappleAttachEva
[LOG 01:25:14.629] Load(Audio): KAS/Sounds/grappleAttachPart
[LOG 01:25:14.641] Load(Audio): KAS/Sounds/grappleAttachStatic
[LOG 01:25:14.649] Load(Audio): KAS/Sounds/grappleDetach
[LOG 01:25:14.654] Load(Audio): KAS/Sounds/magnet
[LOG 01:25:14.675] Load(Audio): KAS/Sounds/magnetAttach
[LOG 01:25:14.683] Load(Audio): KAS/Sounds/magnetDetach
[LOG 01:25:14.690] Load(Audio): KAS/Sounds/magnetstart
[LOG 01:25:14.700] Load(Audio): KAS/Sounds/magnetstop
[LOG 01:25:14.704] Load(Audio): KAS/Sounds/plug
[LOG 01:25:14.710] Load(Audio): KAS/Sounds/plugdocked
[LOG 01:25:14.717] Load(Audio): KAS/Sounds/rotorMotor
[LOG 01:25:14.725] Load(Audio): KAS/Sounds/rotorMotorstart
[LOG 01:25:14.730] Load(Audio): KAS/Sounds/rotorMotorstop
[LOG 01:25:14.735] Load(Audio): KAS/Sounds/strutBuild
[LOG 01:25:14.742] Load(Audio): KAS/Sounds/strutRemove
[LOG 01:25:14.749] Load(Audio): KAS/Sounds/telescopicMotor
[LOG 01:25:14.760] Load(Audio): KAS/Sounds/telescopicMotorstart
[LOG 01:25:14.765] Load(Audio): KAS/Sounds/telescopicMotorstop
[LOG 01:25:14.770] Load(Audio): KAS/Sounds/telescopicSection
[LOG 01:25:14.786] Load(Audio): KAS/Sounds/unplug
[LOG 01:25:14.791] Load(Audio): KAS/Sounds/unplugdocked
[LOG 01:25:14.798] Load(Audio): KAS/Sounds/winchHeavyMotorstart
[LOG 01:25:14.804] Load(Audio): KAS/Sounds/winchMedLock
[LOG 01:25:14.809] Load(Audio): KAS/Sounds/winchMedMotor
[LOG 01:25:14.839] Load(Audio): KAS/Sounds/winchMedMotorstart
[LOG 01:25:14.845] Load(Audio): KAS/Sounds/winchMedMotorstop
[LOG 01:25:14.850] Load(Audio): KAS/Sounds/winchSmallEject
[LOG 01:25:14.855] Load(Audio): KAS/Sounds/winchSmallLock
[LOG 01:25:14.859] Load(Audio): KAS/Sounds/winchSmallMotor
[LOG 01:25:14.875] Load(Audio): KAS/Sounds/winchSmallMotorStart
[LOG 01:25:14.882] Load(Audio): KAS/Sounds/winchSmallMotorStop
[LOG 01:25:14.887] Load(Audio): KIS/Sounds/attach
[LOG 01:25:14.893] Load(Audio): KIS/Sounds/attachPart
[LOG 01:25:14.899] Load(Audio): KIS/Sounds/attachScrewdriver
[LOG 01:25:14.906] Load(Audio): KIS/Sounds/attachStatic
[LOG 01:25:14.913] Load(Audio): KIS/Sounds/attachWrench
[LOG 01:25:14.918] Load(Audio): KIS/Sounds/bipwrong
[LOG 01:25:14.923] Load(Audio): KIS/Sounds/bookClose
[LOG 01:25:14.930] Load(Audio): KIS/Sounds/bookOpen
[LOG 01:25:14.937] Load(Audio): KIS/Sounds/bookPage
[LOG 01:25:14.942] Load(Audio): KIS/Sounds/click
[LOG 01:25:14.946] Load(Audio): KIS/Sounds/containerClose
[LOG 01:25:14.955] Load(Audio): KIS/Sounds/containerMount
[LOG 01:25:14.962] Load(Audio): KIS/Sounds/containerOpen
[LOG 01:25:14.969] Load(Audio): KIS/Sounds/detach
[LOG 01:25:14.975] Load(Audio): KIS/Sounds/detachPart
[LOG 01:25:14.979] Load(Audio): KIS/Sounds/detachScrewdriver
[LOG 01:25:14.988] Load(Audio): KIS/Sounds/detachStatic
[LOG 01:25:14.997] Load(Audio): KIS/Sounds/detachWrench
[LOG 01:25:15.007] Load(Audio): KIS/Sounds/drop
[LOG 01:25:15.012] Load(Audio): KIS/Sounds/foodBurp
[LOG 01:25:15.022] Load(Audio): KIS/Sounds/foodDrink
[LOG 01:25:15.032] Load(Audio): KIS/Sounds/foodEat
[LOG 01:25:15.039] Load(Audio): KIS/Sounds/helmetOff
[LOG 01:25:15.045] Load(Audio): KIS/Sounds/helmetOn
[LOG 01:25:15.052] Load(Audio): KIS/Sounds/inventoryClose
[LOG 01:25:15.059] Load(Audio): KIS/Sounds/inventoryOpen
[LOG 01:25:15.066] Load(Audio): KIS/Sounds/itemEquip
[LOG 01:25:15.073] Load(Audio): KIS/Sounds/itemMove
[LOG 01:25:15.077] Load(Audio): KIS/Sounds/itemMoveBottle
[LOG 01:25:15.084] Load(Audio): KIS/Sounds/refuelEva
[LOG 01:25:15.103] Load(Audio): KIS/Sounds/timeBombEnd
[LOG 01:25:15.125] Load(Audio): KIS/Sounds/timeBombLoop
[LOG 01:25:15.147] Load(Audio): KIS/Sounds/timeBombStart
[LOG 01:25:15.166] Load(Audio): Squad/Sounds/editorLoop01
[LOG 01:25:15.440] Load(Audio): Squad/Sounds/elev_loop
[LOG 01:25:15.447] Load(Audio): Squad/Sounds/elev_start
[LOG 01:25:15.457] Load(Audio): Squad/Sounds/elev_stop
[LOG 01:25:15.464] Load(Audio): Squad/Sounds/sound_ambience_nature
[LOG 01:25:15.504] Load(Audio): Squad/Sounds/sound_click_flick
[LOG 01:25:15.513] Load(Audio): Squad/Sounds/sound_click_latch
[LOG 01:25:15.521] Load(Audio): Squad/Sounds/sound_click_sharp
[LOG 01:25:15.528] Load(Audio): Squad/Sounds/sound_click_tick
[LOG 01:25:15.533] Load(Audio): Squad/Sounds/sound_click_tock
[LOG 01:25:15.538] Load(Audio): Squad/Sounds/sound_decoupler_fire
[LOG 01:25:15.545] Load(Audio): Squad/Sounds/sound_delete_bin
[LOG 01:25:15.555] Load(Audio): Squad/Sounds/sound_explosion_debris1
[LOG 01:25:15.589] Load(Audio): Squad/Sounds/sound_explosion_debris2
[LOG 01:25:15.614] Load(Audio): Squad/Sounds/sound_explosion_large
[LOG 01:25:15.640] Load(Audio): Squad/Sounds/sound_rocket_mini
[LOG 01:25:15.647] Load(Audio): Squad/Sounds/sound_rocket_spurts
[LOG 01:25:15.680] Load(Audio): Squad/Sounds/sound_servomotor
[LOG 01:25:15.686] Load(Audio): Squad/Sounds/sound_tab_extend
[LOG 01:25:15.688] Load(Audio): Squad/Sounds/sound_tab_retreat
[LOG 01:25:15.691] Load(Audio): TriggerTech/KerbalAlarmClock/Sounds/Alarm1
[LOG 01:25:15.697] Load(Audio): TriggerTech/KerbalAlarmClock/Sounds/Alarm2
[LOG 01:25:15.702] Load(Audio): TriggerTech/KerbalAlarmClock/Sounds/Alarm3
[LOG 01:25:15.708] Load(Audio): TriggerTech/KerbalAlarmClock/Sounds/Notify1
[LOG 01:25:15.711] Load(Audio): TriggerTech/KerbalAlarmClock/Sounds/Notify2
[LOG 01:25:15.716] Load(Audio): TriggerTech/KerbalAlarmClock/Sounds/Notify3
[LOG 01:25:15.726] Load(Audio): TriggerTech/KerbalAlarmClock/Sounds/Rooster
[LOG 01:25:15.734] Load(Texture): Chatterer/Textures/chatterer_button_RX
[EXC 01:25:15.747] MissingMethodException: Method not found: 'GameDatabase.TextureInfo..ctor'.
	DDSLoader.DatabaseLoaderTexture_DDS+<Load>c__Iterator0.MoveNext ()
	UnityEngine.SetupCoroutine.InvokeMoveNext (IEnumerator enumerator, IntPtr returnValueAddress)
	UnityEngine.MonoBehaviour:StartCoroutine(IEnumerator)
	<LoadObjects>c__Iterator1:MoveNext()
	UnityEngine.SetupCoroutine:InvokeMoveNext(IEnumerator, IntPtr)
[LOG 01:25:15.749] Load(Texture): Chatterer/Textures/chatterer_button_RX_muted
[EXC 01:25:15.752] MissingMethodException: Method not found: 'GameDatabase.TextureInfo..ctor'.
	DDSLoader.DatabaseLoaderTexture_DDS+<Load>c__Iterator0.MoveNext ()
	UnityEngine.SetupCoroutine.InvokeMoveNext (IEnumerator enumerator, IntPtr returnValueAddress)
	UnityEngine.MonoBehaviour:StartCoroutine(IEnumerator)
	<LoadObjects>c__Iterator1:MoveNext()
	UnityEngine.SetupCoroutine:InvokeMoveNext(IEnumerator, IntPtr)
[LOG 01:25:15.753] Load(Texture): Chatterer/Textures/chatterer_button_SSTV
[EXC 01:25:15.756] MissingMethodException: Method not found: 'GameDatabase.TextureInfo..ctor'.
	DDSLoader.DatabaseLoaderTexture_DDS+<Load>c__Iterator0.MoveNext ()
	UnityEngine.SetupCoroutine.InvokeMoveNext (IEnumerator enumerator, IntPtr returnValueAddress)
	UnityEngine.MonoBehaviour:StartCoroutine(IEnumerator)
	<LoadObjects>c__Iterator1:MoveNext()
	UnityEngine.SetupCoroutine:InvokeMoveNext(IEnumerator, IntPtr)
[LOG 01:25:15.757] Load(Texture): Chatterer/Textures/chatterer_button_SSTV_muted
[EXC 01:25:15.761] MissingMethodException: Method not found: 'GameDatabase.TextureInfo..ctor'.
	DDSLoader.DatabaseLoaderTexture_DDS+<Load>c__Iterator0.MoveNext ()
	UnityEngine.SetupCoroutine.InvokeMoveNext (IEnumerator enumerator, IntPtr returnValueAddress)
	UnityEngine.MonoBehaviour:StartCoroutine(IEnumerator)
	<LoadObjects>c__Iterator1:MoveNext()
	UnityEngine.SetupCoroutine:InvokeMoveNext(IEnumerator, IntPtr)
[LOG 01:25:15.762] Load(Texture): Chatterer/Textures/chatterer_button_TX
[EXC 01:25:15.765] MissingMethodException: Method not found: 'GameDatabase.TextureInfo..ctor'.
	DDSLoader.DatabaseLoaderTexture_DDS+<Load>c__Iterator0.MoveNext ()
	UnityEngine.SetupCoroutine.InvokeMoveNext (IEnumerator enumerator, IntPtr returnValueAddress)
	UnityEngine.MonoBehaviour:StartCoroutine(IEnumerator)
	<LoadObjects>c__Iterator1:MoveNext()
	UnityEngine.SetupCoroutine:InvokeMoveNext(IEnumerator, IntPtr)
[LOG 01:25:15.766] Load(Texture): Chatterer/Textures/chatterer_button_TX_muted
[EXC 01:25:15.769] MissingMethodException: Method not found: 'GameDatabase.TextureInfo..ctor'.
	DDSLoader.DatabaseLoaderTexture_DDS+<Load>c__Iterator0.MoveNext ()
	UnityEngine.SetupCoroutine.InvokeMoveNext (IEnumerator enumerator, IntPtr returnValueAddress)
	UnityEngine.MonoBehaviour:StartCoroutine(IEnumerator)
	<LoadObjects>c__Iterator1:MoveNext()
	UnityEngine.SetupCoroutine:InvokeMoveNext(IEnumerator, IntPtr)
[LOG 01:25:15.770] Load(Texture): Chatterer/Textures/chatterer_button_disabled
[EXC 01:25:15.773] MissingMethodException: Method not found: 'GameDatabase.TextureInfo..ctor'.
	DDSLoader.DatabaseLoaderTexture_DDS+<Load>c__Iterator0.MoveNext ()
	UnityEngine.SetupCoroutine.InvokeMoveNext (IEnumerator enumerator, IntPtr returnValueAddress)
	UnityEngine.MonoBehaviour:StartCoroutine(IEnumerator)
	<LoadObjects>c__Iterator1:MoveNext()
	UnityEngine.SetupCoroutine:InvokeMoveNext(IEnumerator, IntPtr)
[LOG 01:25:15.774] Load(Texture): Chatterer/Textures/chatterer_button_disabled_muted
[EXC 01:25:15.777] MissingMethodException: Method not found: 'GameDatabase.TextureInfo..ctor'.
	DDSLoader.DatabaseLoaderTexture_DDS+<Load>c__Iterator0.MoveNext ()
	UnityEngine.SetupCoroutine.InvokeMoveNext (IEnumerator enumerator, IntPtr returnValueAddress)
	UnityEngine.MonoBehaviour:StartCoroutine(IEnumerator)
	<LoadObjects>c__Iterator1:MoveNext()
	UnityEngine.SetupCoroutine:InvokeMoveNext(IEnumerator, IntPtr)
[LOG 01:25:15.779] Load(Texture): Chatterer/Textures/chatterer_button_idle
[EXC 01:25:15.782] MissingMethodException: Method not found: 'GameDatabase.TextureInfo..ctor'.
	DDSLoader.DatabaseLoaderTexture_DDS+<Load>c__Iterator0.MoveNext ()
	UnityEngine.SetupCoroutine.InvokeMoveNext (IEnumerator enumerator, IntPtr returnValueAddress)
	UnityEngine.MonoBehaviour:StartCoroutine(IEnumerator)
	<LoadObjects>c__Iterator1:MoveNext()
	UnityEngine.SetupCoroutine:InvokeMoveNext(IEnumerator, IntPtr)
[LOG 01:25:15.783] Load(Texture): Chatterer/Textures/chatterer_button_idle_muted
[EXC 01:25:15.786] MissingMethodException: Method not found: 'GameDatabase.TextureInfo..ctor'.
	DDSLoader.DatabaseLoaderTexture_DDS+<Load>c__Iterator0.MoveNext ()
	UnityEngine.SetupCoroutine.InvokeMoveNext (IEnumerator enumerator, IntPtr returnValueAddress)
	UnityEngine.MonoBehaviour:StartCoroutine(IEnumerator)
	<LoadObjects>c__Iterator1:MoveNext()
	UnityEngine.SetupCoroutine:InvokeMoveNext(IEnumerator, IntPtr)
[LOG 01:25:15.788] Load(Texture): Chatterer/Textures/chatterer_icon_toolbar
[EXC 01:25:15.791] MissingMethodException: Method not found: 'GameDatabase.TextureInfo..ctor'.
	DDSLoader.DatabaseLoaderTexture_DDS+<Load>c__Iterator0.MoveNext ()
	UnityEngine.SetupCoroutine.InvokeMoveNext (IEnumerator enumerator, IntPtr returnValueAddress)
	UnityEngine.MonoBehaviour:StartCoroutine(IEnumerator)
	<LoadObjects>c__Iterator1:MoveNext()
	UnityEngine.SetupCoroutine:InvokeMoveNext(IEnumerator, IntPtr)
[LOG 01:25:15.794] Load(Texture): Chatterer/Textures/line_512x4
[EXC 01:25:15.797] MissingMethodException: Method not found: 'GameDatabase.TextureInfo..ctor'.
	DDSLoader.DatabaseLoaderTexture_DDS+<Load>c__Iterator0.MoveNext ()
	UnityEngine.SetupCoroutine.InvokeMoveNext (IEnumerator enumerator, IntPtr returnValueAddress)
	UnityEngine.MonoBehaviour:StartCoroutine(IEnumerator)
	<LoadObjects>c__Iterator1:MoveNext()
	UnityEngine.SetupCoroutine:InvokeMoveNext(IEnumerator, IntPtr)
[LOG 01:25:15.799] Load(Texture): DestructionEffects/Models/FlameEffect2/Torchanimation_135
[LOG 01:25:15.823] Load(Texture): DestructionEffects/Models/FlameEffect2/flameA
[LOG 01:25:15.839] Load(Texture): DestructionEffects/Models/FlameEffect2/flameD
[LOG 01:25:15.863] Load(Texture): DestructionEffects/Models/FlameEffect2/muzzleSmoke
[LOG 01:25:15.876] Load(Texture): DestructionEffects/Models/FlameEffect_Legacy/ExpTex2
[LOG 01:25:15.909] Load(Texture): DestructionEffects/Models/FlameEffect_Legacy/smoke
[LOG 01:25:15.931] Load(Texture): FMRS/icons/down
[WRN 01:25:15.950] Texture resolution is not valid for compression: '/Applications/KSP_osx/GameData/FMRS/icons/down.png' - consider changing the image's width and height to enable compression
[LOG 01:25:15.950] Load(Texture): FMRS/icons/fmrs green
[LOG 01:25:15.981] Load(Texture): FMRS/icons/fmrs red
[LOG 01:25:15.988] Load(Texture): FMRS/icons/fmrs white
[LOG 01:25:16.000] Load(Texture): FMRS/icons/tb_blz_di
[LOG 01:25:16.014] Load(Texture): FMRS/icons/tb_blz_en
[LOG 01:25:16.030] Load(Texture): FMRS/icons/tb_blz_en_alt
[LOG 01:25:16.045] Load(Texture): FMRS/icons/tb_st_di
[WRN 01:25:16.063] Texture resolution is not valid for compression: '/Applications/KSP_osx/GameData/FMRS/icons/tb_st_di.png' - consider changing the image's width and height to enable compression
[LOG 01:25:16.063] Load(Texture): FMRS/icons/tb_st_en
[WRN 01:25:16.079] Texture resolution is not valid for compression: '/Applications/KSP_osx/GameData/FMRS/icons/tb_st_en.png' - consider changing the image's width and height to enable compression
[LOG 01:25:16.079] Load(Texture): FMRS/icons/tb_st_en_alt
[WRN 01:25:16.095] Texture resolution is not valid for compression: '/Applications/KSP_osx/GameData/FMRS/icons/tb_st_en_alt.png' - consider changing the image's width and height to enable compression
[LOG 01:25:16.095] Load(Texture): FMRS/icons/up
[WRN 01:25:16.111] Texture resolution is not valid for compression: '/Applications/KSP_osx/GameData/FMRS/icons/up.png' - consider changing the image's width and height to enable compression
[LOG 01:25:16.111] Load(Texture): FMRS/icons/Original Icons/tb_blz_di
[LOG 01:25:16.124] Load(Texture): FMRS/icons/Original Icons/tb_blz_en
[LOG 01:25:16.138] Load(Texture): FMRS/icons/Original Icons/tb_st_di
[LOG 01:25:16.156] Load(Texture): FMRS/icons/Original Icons/tb_st_en
[LOG 01:25:16.173] Load(Texture): FMRS/icons/orig/down
[WRN 01:25:16.191] Texture resolution is not valid for compression: '/Applications/KSP_osx/GameData/FMRS/icons/orig/down.png' - consider changing the image's width and height to enable compression
[LOG 01:25:16.191] Load(Texture): FMRS/icons/orig/up
[WRN 01:25:16.204] Texture resolution is not valid for compression: '/Applications/KSP_osx/GameData/FMRS/icons/orig/up.png' - consider changing the image's width and height to enable compression
[LOG 01:25:16.204] Load(Texture): JSI/Agencies/JSI
[LOG 01:25:16.224] Load(Texture): JSI/Agencies/JSI_scaled
[LOG 01:25:16.239] Load(Texture): JSI/RasterPropMonitor/Library/Components/HUD/heading
[EXC 01:25:16.257] MissingMethodException: Method not found: 'GameDatabase.TextureInfo..ctor'.
	DDSLoader.DatabaseLoaderTexture_DDS+<Load>c__Iterator0.MoveNext ()
	UnityEngine.SetupCoroutine.InvokeMoveNext (IEnumerator enumerator, IntPtr returnValueAddress)
	UnityEngine.MonoBehaviour:StartCoroutine(IEnumerator)
	<LoadObjects>c__Iterator1:MoveNext()
	UnityEngine.SetupCoroutine:InvokeMoveNext(IEnumerator, IntPtr)
[LOG 01:25:16.274] Load(Texture): JSI/RasterPropMonitor/Library/Components/HUD/hud-overlay
[EXC 01:25:16.293] MissingMethodException: Method not found: 'GameDatabase.TextureInfo..ctor'.
	DDSLoader.DatabaseLoaderTexture_DDS+<Load>c__Iterator0.MoveNext ()
	UnityEngine.SetupCoroutine.InvokeMoveNext (IEnumerator enumerator, IntPtr returnValueAddress)
	UnityEngine.MonoBehaviour:StartCoroutine(IEnumerator)
	<LoadObjects>c__Iterator1:MoveNext()
	UnityEngine.SetupCoroutine:InvokeMoveNext(IEnumerator, IntPtr)
[LOG 01:25:16.304] Load(Texture): JSI/RasterPropMonitor/Library/Components/HUD/ladder
[EXC 01:25:16.322] MissingMethodException: Method not found: 'GameDatabase.TextureInfo..ctor'.
	DDSLoader.DatabaseLoaderTexture_DDS+<Load>c__Iterator0.MoveNext ()
	UnityEngine.SetupCoroutine.InvokeMoveNext (IEnumerator enumerator, IntPtr returnValueAddress)
	UnityEngine.MonoBehaviour:StartCoroutine(IEnumerator)
	<LoadObjects>c__Iterator1:MoveNext()
	UnityEngine.SetupCoroutine:InvokeMoveNext(IEnumerator, IntPtr)
[LOG 01:25:16.338] Load(Texture): JSI/RasterPropMonitor/Library/Components/HUD/leftscale
[EXC 01:25:16.356] MissingMethodException: Method not found: 'GameDatabase.TextureInfo..ctor'.
	DDSLoader.DatabaseLoaderTexture_DDS+<Load>c__Iterator0.MoveNext ()
	UnityEngine.SetupCoroutine.InvokeMoveNext (IEnumerator enumerator, IntPtr returnValueAddress)
	UnityEngine.MonoBehaviour:StartCoroutine(IEnumerator)
	<LoadObjects>c__Iterator1:MoveNext()
	UnityEngine.SetupCoroutine:InvokeMoveNext(IEnumerator, IntPtr)
[LOG 01:25:16.373] Load(Texture): JSI/RasterPropMonitor/Library/Components/HUD/planeHUDdiffuse
[LOG 01:25:16.390] Load(Texture): JSI/RasterPropMonitor/Library/Components/HUD/rightscale
[EXC 01:25:16.418] MissingMethodException: Method not found: 'GameDatabase.TextureInfo..ctor'.
	DDSLoader.DatabaseLoaderTexture_DDS+<Load>c__Iterator0.MoveNext ()
	UnityEngine.SetupCoroutine.InvokeMoveNext (IEnumerator enumerator, IntPtr returnValueAddress)
	UnityEngine.MonoBehaviour:StartCoroutine(IEnumerator)
	<LoadObjects>c__Iterator1:MoveNext()
	UnityEngine.SetupCoroutine:InvokeMoveNext(IEnumerator, IntPtr)
[LOG 01:25:16.424] Load(Texture): JSI/RasterPropMonitor/Library/Components/HUD/screen
[LOG 01:25:16.531] Load(Texture): JSI/RasterPropMonitor/Library/Components/MFD40x20v2/MFD40x15v2-Diffuse
[EXC 01:25:16.537] MissingMethodException: Method not found: 'GameDatabase.TextureInfo..ctor'.
	DDSLoader.DatabaseLoaderTexture_DDS+<Load>c__Iterator0.MoveNext ()
	UnityEngine.SetupCoroutine.InvokeMoveNext (IEnumerator enumerator, IntPtr returnValueAddress)
	UnityEngine.MonoBehaviour:StartCoroutine(IEnumerator)
	<LoadObjects>c__Iterator1:MoveNext()
	UnityEngine.SetupCoroutine:InvokeMoveNext(IEnumerator, IntPtr)
[LOG 01:25:16.539] Load(Texture): JSI/RasterPropMonitor/Library/Components/MFD40x20v2/MFD40x15v2-Emissive
[EXC 01:25:16.542] MissingMethodException: Method not found: 'GameDatabase.TextureInfo..ctor'.
	DDSLoader.DatabaseLoaderTexture_DDS+<Load>c__Iterator0.MoveNext ()
	UnityEngine.SetupCoroutine.InvokeMoveNext (IEnumerator enumerator, IntPtr returnValueAddress)
	UnityEngine.MonoBehaviour:StartCoroutine(IEnumerator)
	<LoadObjects>c__Iterator1:MoveNext()
	UnityEngine.SetupCoroutine:InvokeMoveNext(IEnumerator, IntPtr)
[LOG 01:25:16.557] Load(Texture): JSI/RasterPropMonitor/Library/Components/MFD40x20v2/screen-emissive
[LOG 01:25:16.574] Load(Texture): JSI/RasterPropMonitor/Library/Components/MFD40x20v2/screen
[LOG 01:25:16.590] Load(Texture): JSI/RasterPropMonitor/Library/Components/NavBall/HDG
[WRN 01:25:16.609] Texture resolution is not valid for compression: '/Applications/KSP_osx/GameData/JSI/RasterPropMonitor/Library/Components/NavBall/HDG.png' - consider changing the image's width and height to enable compression
[LOG 01:25:16.609] Load(Texture): JSI/RasterPropMonitor/Library/Components/NavBall/NavBall000
[EXC 01:25:16.624] MissingMethodException: Method not found: 'GameDatabase.TextureInfo..ctor'.
	DDSLoader.DatabaseLoaderTexture_DDS+<Load>c__Iterator0.MoveNext ()
	UnityEngine.SetupCoroutine.InvokeMoveNext (IEnumerator enumerator, IntPtr returnValueAddress)
	UnityEngine.MonoBehaviour:StartCoroutine(IEnumerator)
	<LoadObjects>c__Iterator1:MoveNext()
	UnityEngine.SetupCoroutine:InvokeMoveNext(IEnumerator, IntPtr)
[LOG 01:25:16.642] Load(Texture): JSI/RasterPropMonitor/Library/Components/NavBall/StaticMask
[EXC 01:25:16.658] MissingMethodException: Method not found: 'GameDatabase.TextureInfo..ctor'.
	DDSLoader.DatabaseLoaderTexture_DDS+<Load>c__Iterator0.MoveNext ()
	UnityEngine.SetupCoroutine.InvokeMoveNext (IEnumerator enumerator, IntPtr returnValueAddress)
	UnityEngine.MonoBehaviour:StartCoroutine(IEnumerator)
	<LoadObjects>c__Iterator1:MoveNext()
	UnityEngine.SetupCoroutine:InvokeMoveNext(IEnumerator, IntPtr)
[LOG 01:25:16.670] Load(Texture): JSI/RasterPropMonitor/Library/Fonts/baseFont
[LOG 01:25:16.691] Load(Texture): JSI/RasterPropMonitor/Library/Fonts/extraFont1
[LOG 01:25:16.725] Load(Texture): JSI/RasterPropMonitor/Library/Fonts/hudfont
[LOG 01:25:16.731] Load(Texture): JSI/RasterPropMonitor/Library/Parts/ExternalCameraPart/model000
[EXC 01:25:16.734] MissingMethodException: Method not found: 'GameDatabase.TextureInfo..ctor'.
	DDSLoader.DatabaseLoaderTexture_DDS+<Load>c__Iterator0.MoveNext ()
	UnityEngine.SetupCoroutine.InvokeMoveNext (IEnumerator enumerator, IntPtr returnValueAddress)
	UnityEngine.MonoBehaviour:StartCoroutine(IEnumerator)
	<LoadObjects>c__Iterator1:MoveNext()
	UnityEngine.SetupCoroutine:InvokeMoveNext(IEnumerator, IntPtr)
[LOG 01:25:16.737] Load(Texture): JSI/RasterPropMonitor/Library/Props/CockpitHandle/OpenHandleDiffuse
[EXC 01:25:16.741] MissingMethodException: Method not found: 'GameDatabase.TextureInfo..ctor'.
	DDSLoader.DatabaseLoaderTexture_DDS+<Load>c__Iterator0.MoveNext ()
	UnityEngine.SetupCoroutine.InvokeMoveNext (IEnumerator enumerator, IntPtr returnValueAddress)
	UnityEngine.MonoBehaviour:StartCoroutine(IEnumerator)
	<LoadObjects>c__Iterator1:MoveNext()
	UnityEngine.SetupCoroutine:InvokeMoveNext(IEnumerator, IntPtr)
[LOG 01:25:16.747] Load(Texture): JSI/RasterPropMonitor/Library/Props/IndicatorPanelReplacement/model000
[EXC 01:25:16.756] MissingMethodException: Method not found: 'GameDatabase.TextureInfo..ctor'.
	DDSLoader.DatabaseLoaderTexture_DDS+<Load>c__Iterator0.MoveNext ()
	UnityEngine.SetupCoroutine.InvokeMoveNext (IEnumerator enumerator, IntPtr returnValueAddress)
	UnityEngine.MonoBehaviour:StartCoroutine(IEnumerator)
	<LoadObjects>c__Iterator1:MoveNext()
	UnityEngine.SetupCoroutine:InvokeMoveNext(IEnumerator, IntPtr)
[LOG 01:25:16.760] Load(Texture): JSI/RasterPropMonitor/Library/Props/IndicatorPanelReplacement/model001
[EXC 01:25:16.775] MissingMethodException: Method not found: 'GameDatabase.TextureInfo..ctor'.
	DDSLoader.DatabaseLoaderTexture_DDS+<Load>c__Iterator0.MoveNext ()
	UnityEngine.SetupCoroutine.InvokeMoveNext (IEnumerator enumerator, IntPtr returnValueAddress)
	UnityEngine.MonoBehaviour:StartCoroutine(IEnumerator)
	<LoadObjects>c__Iterator1:MoveNext()
	UnityEngine.SetupCoroutine:InvokeMoveNext(IEnumerator, IntPtr)
[LOG 01:25:16.779] Load(Texture): JSI/RasterPropMonitor/Library/Props/InternalAirlock/InternalAirLockDiffuse
[EXC 01:25:16.789] MissingMethodException: Method not found: 'GameDatabase.TextureInfo..ctor'.
	DDSLoader.DatabaseLoaderTexture_DDS+<Load>c__Iterator0.MoveNext ()
	UnityEngine.SetupCoroutine.InvokeMoveNext (IEnumerator enumerator, IntPtr returnValueAddress)
	UnityEngine.MonoBehaviour:StartCoroutine(IEnumerator)
	<LoadObjects>c__Iterator1:MoveNext()
	UnityEngine.SetupCoroutine:InvokeMoveNext(IEnumerator, IntPtr)
[LOG 01:25:16.792] Load(Texture): JSI/RasterPropMonitor/Library/Props/InternalFlagPlate/FlagPlate000
[LOG 01:25:16.800] Load(Texture): JSI/RasterPropMonitor/Library/Props/SwitchWCover/SwitchIcons
[LOG 01:25:16.809] Load(Texture): JSI/RasterPropMonitor/Library/Props/SwitchWCover/Switch_w_cover_Diff
[EXC 01:25:16.814] MissingMethodException: Method not found: 'GameDatabase.TextureInfo..ctor'.
	DDSLoader.DatabaseLoaderTexture_DDS+<Load>c__Iterator0.MoveNext ()
	UnityEngine.SetupCoroutine.InvokeMoveNext (IEnumerator enumerator, IntPtr returnValueAddress)
	UnityEngine.MonoBehaviour:StartCoroutine(IEnumerator)
	<LoadObjects>c__Iterator1:MoveNext()
	UnityEngine.SetupCoroutine:InvokeMoveNext(IEnumerator, IntPtr)
[LOG 01:25:16.822] Load(Texture): JSI/RasterPropMonitor/Library/Textures/bg01
[LOG 01:25:16.826] Load(Texture): JSI/RasterPropMonitor/Library/Textures/graphgrid
[LOG 01:25:16.846] Load(Texture): JSI/RasterPropMonitor/Library/Textures/noscansat
