Debug information for CONTRACT_TYPE 'SCAN_Significant.Pol':

Configuration:
CONTRACT_TYPE
{
	name = SCAN_Significant.Pol
	title = Do a group of SCANsat surveys of @/targetBodyValid2.
	genericTitle = Do a group of SCANsat surveys of @/targetBodyValid2.
	group = ScanSatOfficial
	topic = Science
	subject = Kerbal
	agent = SCAN
	notes = Scanning can take place while the vessel is not loaded.
	synopsis = Perform several scans of @/targetBodyValid2
	completedMessage = Excellent work, these scans will provide much valuable data for our survey teams.
	minExpiry = 1
	maxExpiry = 7
	deadline = Random(300, 500) * @/targetBodyValid2.Multiplier()
	cancellable = true
	declinable = true
	autoAccept = false
	targetBody = @/targetBodyValid2
	rewardScience = 0
	rewardReputation = 1
	rewardFunds = Random(50000, 70000.0)
	failureReputation = 1
	failureFunds = Random(1000, 10000.0)
	advanceFunds = Random(5000, 15000.0)
	prestige = Significant
	DATA
	{
		type = CelestialBody
		requiredValue = true
		uniquenessCheck = CONTRACT_ALL
		targetBodyValid2 = @/targetBody2
	}
	DATA
	{
		type = List<CelestialBody>
		requiredValue = false
		targetBodyList2 = @ScanSatOfficial:p2Bodies
	}
	PARAMETER
	{
		name = SCANsatCoverage_1
		type = SCANsatCoverage
		targetBody = @/targetBodyValid2
		coverage = 85
		scanType = AltimetryLoRes
	}
	PARAMETER
	{
		name = SCANsatCoverage_2
		type = SCANsatCoverage
		targetBody = @/targetBodyValid2
		coverage = 85
		scanType = Biome
	}
	PARAMETER
	{
		name = SCANsatCoverage_3
		type = SCANsatCoverage
		targetBody = @/targetBodyValid2
		coverage = 85
		scanType = FuzzyResources
	}
	REQUIREMENT
	{
		name = AnyCoverage
		type = Any
		targetBody = @/targetBody
		REQUIREMENT
		{
			name = SCANsatCoverage_1
			type = SCANsatCoverage
			targetBody = @/targetBodyValid2
			minCoverage = 0.0
			maxCoverage = 80
			scanType = AltimetryLoRes
			title = Must have less than an 80% low resolution altimetry scan of the target body.
		}
		REQUIREMENT
		{
			name = SCANsatCoverage_2
			type = SCANsatCoverage
			targetBody = @/targetBodyValid2
			minCoverage = 0.0
			maxCoverage = 80
			scanType = Biome
			title = Must have less than an 80% biome scan of the target body.
		}
		REQUIREMENT
		{
			name = SCANsatCoverage_3
			type = SCANsatCoverage
			targetBody = @/targetBodyValid2
			minCoverage = 0.0
			maxCoverage = 80
			scanType = FuzzyResources
			title = Must have less than an 80% M700 resources scan of the target body.
		}
	}
	REQUIREMENT
	{
		name = Expression_1
		type = Expression
		title = Must have orbited the target body.
		expression = @/targetBodyList2.Contains(@/targetBodyValid2)   == true
		targetBody = @/targetBody
	}
	REQUIREMENT
	{
		name = Orbit
		type = Orbit
		targetBody = HomeWorld()
	}
	REQUIREMENT
	{
		name = PartUnlocked_1
		type = PartUnlocked
		part = SCANsat_Scanner
		targetBody = @/targetBody
	}
	REQUIREMENT
	{
		name = PartUnlocked_2
		type = PartUnlocked
		part = SCANsat_Scanner24
		targetBody = @/targetBody
	}
	REQUIREMENT
	{
		name = PartUnlocked_3
		type = PartUnlocked
		part = SurveyScanner
		targetBody = @/targetBody
	}
	DATA
	{
		type = CelestialBody
		targetBody2 = Pol
		isLiteral = True
	}
}

Data Nodes:
SCAN_Significant.Pol
    ScanSatOfficial:name = ScanSatOfficial, deterministic = True
    ScanSatOfficial:displayName = ScanSat Official, deterministic = True
    ScanSatOfficial:minVersion = 1.15.0, deterministic = True
    ScanSatOfficial:maxCompletions = 0, deterministic = True
    ScanSatOfficial:maxSimultaneous = 10, deterministic = True
    ScanSatOfficial:disabledContractType = [], deterministic = True
    ScanSatOfficial:agent = Contracts.Agents.Agent, deterministic = True
    ScanSatOfficial:sortKey = ScanSat Official, deterministic = True
    ScanSatOfficial:tip = , deterministic = True
    ScanSatOfficial:homeBodies = [ Kerbin (CelestialBody), Mun (CelestialBody), Minmus (CelestialBody) ], deterministic = True
    ScanSatOfficial:nonHomeBodies = [ Moho (CelestialBody), Eve (CelestialBody), Duna (CelestialBody), Ike (CelestialBody), Laythe (CelestialBody), Vall (CelestialBody), Bop (CelestialBody), Tylo (CelestialBody), Gilly (CelestialBody), Pol (CelestialBody), Dres (CelestialBody), Eeloo (CelestialBody) ], deterministic = True
    ScanSatOfficial:p2Bodies = [], deterministic = False
    ScanSatOfficial:p3Bodies = [], deterministic = False
    ScanSatOfficial:p4Bodies = [], deterministic = False
    name = SCAN_Significant.Pol, deterministic = True
    trace = False, deterministic = True
    title = Do a group of SCANsat surveys of Pol., deterministic = True
    tag = , deterministic = True
    description = null, deterministic = True
    topic = Science, deterministic = True
    subject = Kerbal, deterministic = True
    notes = Scanning can take place while the vessel is not loaded., deterministic = True
    synopsis = Perform several scans of Pol, deterministic = True
    completedMessage = Excellent work, these scans will provide much valuable data for our survey teams., deterministic = True
    agent = Contracts.Agents.Agent, deterministic = True
    minExpiry = 1, deterministic = True
    maxExpiry = 7, deterministic = True
    deadline = 3577.977, deterministic = False
    cancellable = True, deterministic = True
    declinable = True, deterministic = True
    autoAccept = False, deterministic = True
    prestige = [ Significant ], deterministic = True
    targetBody = Pol (CelestialBody), deterministic = True
    maxCompletions = 0, deterministic = True
    maxSimultaneous = 4, deterministic = True
    rewardFunds = 57112.98, deterministic = False
    rewardReputation = 1, deterministic = True
    rewardScience = 0, deterministic = True
    failureFunds = 2491.347, deterministic = False
    failureReputation = 1, deterministic = True
    advanceFunds = 12593.72, deterministic = False
    targetBodyValid2 = Pol (CelestialBody), deterministic = True
    targetBodyList2 = [], deterministic = False
    targetBody2 = Pol (CelestialBody), deterministic = True
    genericTitle = Do a group of SCANsat surveys of Pol., deterministic = True
    genericDescription = null, deterministic = True
    sortKey = Do a group of SCANsat surveys of Pol., deterministic = True

	SCANsatCoverage_1
	    type = SCANsatCoverage, deterministic = True
	    name = SCANsatCoverage_1, deterministic = True
	    targetBody = Pol (CelestialBody), deterministic = True
	    rewardFunds = 0, deterministic = True
	    rewardReputation = 0, deterministic = True
	    rewardScience = 0, deterministic = True
	    failureFunds = 0, deterministic = True
	    failureReputation = 0, deterministic = True
	    optional = False, deterministic = True
	    disableOnStateChange = null, deterministic = True
	    completeInSequence = False, deterministic = True
	    hidden = False, deterministic = True
	    hideChildren = False, deterministic = True
	    title = null, deterministic = True
	    notes = null, deterministic = True
	    completedMessage = null, deterministic = True
	    coverage = 85, deterministic = True
	    scanType = AltimetryLoRes, deterministic = True
	
	SCANsatCoverage_2
	    type = SCANsatCoverage, deterministic = True
	    name = SCANsatCoverage_2, deterministic = True
	    targetBody = Pol (CelestialBody), deterministic = True
	    rewardFunds = 0, deterministic = True
	    rewardReputation = 0, deterministic = True
	    rewardScience = 0, deterministic = True
	    failureFunds = 0, deterministic = True
	    failureReputation = 0, deterministic = True
	    optional = False, deterministic = True
	    disableOnStateChange = null, deterministic = True
	    completeInSequence = False, deterministic = True
	    hidden = False, deterministic = True
	    hideChildren = False, deterministic = True
	    title = null, deterministic = True
	    notes = null, deterministic = True
	    completedMessage = null, deterministic = True
	    coverage = 85, deterministic = True
	    scanType = Biome, deterministic = True
	
	SCANsatCoverage_3
	    type = SCANsatCoverage, deterministic = True
	    name = SCANsatCoverage_3, deterministic = True
	    targetBody = Pol (CelestialBody), deterministic = True
	    rewardFunds = 0, deterministic = True
	    rewardReputation = 0, deterministic = True
	    rewardScience = 0, deterministic = True
	    failureFunds = 0, deterministic = True
	    failureReputation = 0, deterministic = True
	    optional = False, deterministic = True
	    disableOnStateChange = null, deterministic = True
	    completeInSequence = False, deterministic = True
	    hidden = False, deterministic = True
	    hideChildren = False, deterministic = True
	    title = null, deterministic = True
	    notes = null, deterministic = True
	    completedMessage = null, deterministic = True
	    coverage = 85, deterministic = True
	    scanType = FuzzyResources, deterministic = True
	
	AnyCoverage
	    type = Any, deterministic = True
	    name = AnyCoverage, deterministic = True
	    title = null, deterministic = True
	    hideChildren = False, deterministic = True
	    targetBody = Pol (CelestialBody), deterministic = True
	    checkOnActiveContract = False, deterministic = True
	    invertRequirement = False, deterministic = True
	
		SCANsatCoverage_1
		    type = SCANsatCoverage, deterministic = True
		    name = SCANsatCoverage_1, deterministic = True
		    title = Must have less than an 80% low resolution altimetry scan of the target body., deterministic = True
		    hideChildren = False, deterministic = True
		    targetBody = Pol (CelestialBody), deterministic = True
		    checkOnActiveContract = False, deterministic = True
		    invertRequirement = False, deterministic = True
		    minCoverage = 0, deterministic = True
		    maxCoverage = 80, deterministic = True
		    scanType = AltimetryLoRes, deterministic = True
		
		SCANsatCoverage_2
		    type = SCANsatCoverage, deterministic = True
		    name = SCANsatCoverage_2, deterministic = True
		    title = Must have less than an 80% biome scan of the target body., deterministic = True
		    hideChildren = False, deterministic = True
		    targetBody = Pol (CelestialBody), deterministic = True
		    checkOnActiveContract = False, deterministic = True
		    invertRequirement = False, deterministic = True
		    minCoverage = 0, deterministic = True
		    maxCoverage = 80, deterministic = True
		    scanType = Biome, deterministic = True
		
		SCANsatCoverage_3
		    type = SCANsatCoverage, deterministic = True
		    name = SCANsatCoverage_3, deterministic = True
		    title = Must have less than an 80% M700 resources scan of the target body., deterministic = True
		    hideChildren = False, deterministic = True
		    targetBody = Pol (CelestialBody), deterministic = True
		    checkOnActiveContract = False, deterministic = True
		    invertRequirement = False, deterministic = True
		    minCoverage = 0, deterministic = True
		    maxCoverage = 80, deterministic = True
		    scanType = FuzzyResources, deterministic = True
		
	Expression_1
	    type = Expression, deterministic = True
	    name = Expression_1, deterministic = True
	    title = Must have orbited the target body., deterministic = True
	    hideChildren = False, deterministic = True
	    targetBody = Pol (CelestialBody), deterministic = True
	    checkOnActiveContract = False, deterministic = True
	    invertRequirement = False, deterministic = True
	    expression = False, deterministic = False
	
	Orbit
	    type = Orbit, deterministic = True
	    name = Orbit, deterministic = True
	    title = null, deterministic = True
	    hideChildren = False, deterministic = True
	    targetBody = Kerbin (CelestialBody), deterministic = True
	    checkOnActiveContract = False, deterministic = True
	    invertRequirement = False, deterministic = True
	    checkType = null, deterministic = True
	
	PartUnlocked_1
	    type = PartUnlocked, deterministic = True
	    name = PartUnlocked_1, deterministic = True
	    title = null, deterministic = True
	    hideChildren = False, deterministic = True
	    targetBody = Pol (CelestialBody), deterministic = True
	    checkOnActiveContract = False, deterministic = True
	    invertRequirement = False, deterministic = True
	    part = [ SCANsat.Scanner ], deterministic = True
	
	PartUnlocked_2
	    type = PartUnlocked, deterministic = True
	    name = PartUnlocked_2, deterministic = True
	    title = null, deterministic = True
	    hideChildren = False, deterministic = True
	    targetBody = Pol (CelestialBody), deterministic = True
	    checkOnActiveContract = False, deterministic = True
	    invertRequirement = False, deterministic = True
	    part = [ SCANsat.Scanner24 ], deterministic = True
	
	PartUnlocked_3
	    type = PartUnlocked, deterministic = True
	    name = PartUnlocked_3, deterministic = True
	    title = null, deterministic = True
	    hideChildren = False, deterministic = True
	    targetBody = Pol (CelestialBody), deterministic = True
	    checkOnActiveContract = False, deterministic = True
	    invertRequirement = False, deterministic = True
	    part = [ SurveyScanner ], deterministic = True
	

Output log:
[INFO] ContractConfigurator.ContractType: Loading CONTRACT_TYPE: 'SCAN_Significant.Pol'
[INFO] ContractConfigurator.ContractType: Successfully loaded CONTRACT_TYPE 'SCAN_Significant.Pol'
