Debug information for CONTRACT_TYPE 'SCAN_Trivial.Mun.FuzzyResources':

Configuration:
CONTRACT_TYPE
{
	name = SCAN_Trivial.Mun.FuzzyResources
	title = Conduct @/scanReadString1 SCANsat survey of @/targetBodyValid1.
	genericTitle = Conduct @/scanReadString1 SCANsat survey of @/targetBodyValid1.
	group = ScanSatOfficial
	topic = Science
	subject = Kerbal
	agent = SCAN
	notes = Scanning can take place while the vessel is not loaded.
	synopsis = Perform a simple scan of @/targetBodyValid1
	completedMessage = Excellent work, this simple survey will give our experts much to study.
	minExpiry = 1
	maxExpiry = 7
	deadline = Random(300, 500) * @/targetBodyValid1.Multiplier()
	cancellable = true
	declinable = true
	autoAccept = false
	targetBody = @/targetBodyValid1
	rewardScience = 0
	rewardReputation = 1
	rewardFunds = Random(40000, 60000.0)
	failureReputation = 1
	failureFunds = Random(1000, 10000.0)
	advanceFunds = Random(2000, 10000.0)
	prestige = Trivial
	DATA
	{
		type = string
		uniquenessCheck = CONTRACT_ALL
		scanReadString1 = @/scanString1  == "AltimetryLoRes" ? "a Low Resolution" : @/scanString1  == "Biome" ? "a Biome" : @/scanString1  == "AltimetryHiRes" ? "a High Resolution" : @/scanString1  == "FuzzyResources" ? "an M700 Resources" : "an Ore"
	}
	DATA
	{
		type = CelestialBody
		requiredValue = true
		title = Target is part of home system.
		uniquenessCheck = CONTRACT_ALL
		targetBodyValid1 = @/targetBody1
	}
	PARAMETER
	{
		name = SCANsatCoverage
		type = SCANsatCoverage
		targetBody = @/targetBodyValid1
		coverage = 75
		scanType = @/scanString1
	}
	REQUIREMENT
	{
		name = SCANsatCoverage
		type = SCANsatCoverage
		targetBody = @/targetBodyValid1
		minCoverage = 0.0
		maxCoverage = 70
		scanType = @/scanString1
		title = Must have scanned less than 70% of the target body.
	}
	REQUIREMENT
	{
		name = Orbit
		type = Orbit
		targetBody = HomeWorld()
	}
	REQUIREMENT
	{
		name = PartUnlocked
		type = PartUnlocked
		part = @/scanString1  == "AltimetryLoRes" ? SCANsat_Scanner : @/scanString1  == "Biome" ? SCANsat_Scanner24 : @/scanString1  == "AltimetryHiRes" ? SCANsat_Scanner2 : @/scanString1  == "FuzzyResources" ? SurveyScanner : OrbitalScanner
		targetBody = @/targetBody
	}
	DATA
	{
		type = CelestialBody
		targetBody1 = Mun
		isLiteral = True
	}
	DATA
	{
		type = string
		scanString1 = FuzzyResources
		isLiteral = True
	}
}

Data Nodes:
SCAN_Trivial.Mun.FuzzyResources
    ScanSatOfficial:name = ScanSatOfficial, deterministic = True
    ScanSatOfficial:displayName = ScanSat Official, deterministic = True
    ScanSatOfficial:minVersion = 1.15.0, deterministic = True
    ScanSatOfficial:maxCompletions = 0, deterministic = True
    ScanSatOfficial:maxSimultaneous = 10, deterministic = True
    ScanSatOfficial:disabledContractType = [], deterministic = True
    ScanSatOfficial:agent = Contracts.Agents.Agent, deterministic = True
    ScanSatOfficial:sortKey = ScanSat Official, deterministic = True
    ScanSatOfficial:tip = , deterministic = True
    ScanSatOfficial:homeBodies = [ Kerbin (CelestialBody), Mun (CelestialBody), Minmus (CelestialBody) ], deterministic = True
    ScanSatOfficial:nonHomeBodies = [ Moho (CelestialBody), Eve (CelestialBody), Duna (CelestialBody), Ike (CelestialBody), Laythe (CelestialBody), Vall (CelestialBody), Bop (CelestialBody), Tylo (CelestialBody), Gilly (CelestialBody), Pol (CelestialBody), Dres (CelestialBody), Eeloo (CelestialBody) ], deterministic = True
    ScanSatOfficial:p2Bodies = [], deterministic = False
    ScanSatOfficial:p3Bodies = [], deterministic = False
    ScanSatOfficial:p4Bodies = [], deterministic = False
    name = SCAN_Trivial.Mun.FuzzyResources, deterministic = True
    trace = False, deterministic = True
    title = Conduct an M700 Resources SCANsat survey of the Mun., deterministic = True
    tag = , deterministic = True
    description = null, deterministic = True
    topic = Science, deterministic = True
    subject = Kerbal, deterministic = True
    notes = Scanning can take place while the vessel is not loaded., deterministic = True
    synopsis = Perform a simple scan of the Mun, deterministic = True
    completedMessage = Excellent work, this simple survey will give our experts much to study., deterministic = True
    agent = Contracts.Agents.Agent, deterministic = True
    minExpiry = 1, deterministic = True
    maxExpiry = 7, deterministic = True
    deadline = 873.6322, deterministic = False
    cancellable = True, deterministic = True
    declinable = True, deterministic = True
    autoAccept = False, deterministic = True
    prestige = [ Trivial ], deterministic = True
    targetBody = Mun (CelestialBody), deterministic = True
    maxCompletions = 0, deterministic = True
    maxSimultaneous = 4, deterministic = True
    rewardFunds = 40979.41, deterministic = False
    rewardReputation = 1, deterministic = True
    rewardScience = 0, deterministic = True
    failureFunds = 4623.343, deterministic = False
    failureReputation = 1, deterministic = True
    advanceFunds = 4411.756, deterministic = False
    scanReadString1 = an M700 Resources, deterministic = True
    targetBodyValid1 = Mun (CelestialBody), deterministic = True
    targetBody1 = Mun (CelestialBody), deterministic = True
    scanString1 = FuzzyResources, deterministic = True
    genericTitle = Conduct an M700 Resources SCANsat survey of the Mun., deterministic = True
    genericDescription = null, deterministic = True
    sortKey = Conduct an M700 Resources SCANsat survey of the Mun., deterministic = True

	SCANsatCoverage
	    type = SCANsatCoverage, deterministic = True
	    name = SCANsatCoverage, deterministic = True
	    targetBody = Mun (CelestialBody), deterministic = True
	    rewardFunds = 0, deterministic = True
	    rewardReputation = 0, deterministic = True
	    rewardScience = 0, deterministic = True
	    failureFunds = 0, deterministic = True
	    failureReputation = 0, deterministic = True
	    optional = False, deterministic = True
	    disableOnStateChange = null, deterministic = True
	    completeInSequence = False, deterministic = True
	    hidden = False, deterministic = True
	    hideChildren = False, deterministic = True
	    title = null, deterministic = True
	    notes = null, deterministic = True
	    completedMessage = null, deterministic = True
	    coverage = 75, deterministic = True
	    scanType = FuzzyResources, deterministic = True
	
	SCANsatCoverage_1
	    type = SCANsatCoverage, deterministic = True
	    name = SCANsatCoverage, deterministic = True
	    title = Must have scanned less than 70% of the target body., deterministic = True
	    hideChildren = False, deterministic = True
	    targetBody = Mun (CelestialBody), deterministic = True
	    checkOnActiveContract = False, deterministic = True
	    invertRequirement = False, deterministic = True
	    minCoverage = 0, deterministic = True
	    maxCoverage = 70, deterministic = True
	    scanType = FuzzyResources, deterministic = True
	
	Orbit
	    type = Orbit, deterministic = True
	    name = Orbit, deterministic = True
	    title = null, deterministic = True
	    hideChildren = False, deterministic = True
	    targetBody = Kerbin (CelestialBody), deterministic = True
	    checkOnActiveContract = False, deterministic = True
	    invertRequirement = False, deterministic = True
	    checkType = null, deterministic = True
	
	PartUnlocked
	    type = PartUnlocked, deterministic = True
	    name = PartUnlocked, deterministic = True
	    title = null, deterministic = True
	    hideChildren = False, deterministic = True
	    targetBody = Mun (CelestialBody), deterministic = True
	    checkOnActiveContract = False, deterministic = True
	    invertRequirement = False, deterministic = True
	    part = [ SurveyScanner ], deterministic = True
	

Output log:
[INFO] ContractConfigurator.ContractType: Loading CONTRACT_TYPE: 'SCAN_Trivial.Mun.FuzzyResources'
[INFO] ContractConfigurator.ContractType: Successfully loaded CONTRACT_TYPE 'SCAN_Trivial.Mun.FuzzyResources'
